INFO:root:ROSA L PARKS BLVD&I65 S , , TN,
INFO:root:2421 MURFREESBORO PIKE, ANTIOCH, TN, 37013
INFO:root:MM 57 I24 W, NASHVILLE, TN, 37211
ERROR:root:MM 57 I24 W, NASHVILLE, TN, 37211
INFO:root:400 ELM ST, MADISON, TN, 37115
INFO:root:525 GREEN LN, WHITES CREEK, TN, 37189
INFO:root:N 11TH ST & CLEARVIEW AVE, NASHVILLE, TN, 37206
INFO:root:JAMES ROBERTSON PKWY, , TN, 37207
INFO:root:31ST AVE S & DUDLEY AVE, , TN, 37212
INFO:root:4764 APOLLO DR, ANTIOCH, TN, 37013
INFO:root:47TH AVE N & PARK AVE, NASHVILLE, TN, 37209
INFO:root:5508 TENNESSEE AVE, NASHVILLE, TN, 37209
INFO:root:S GALLATIN PIKE & EMMITT AVE, MADISON, TN, 37115
INFO:root:MM 35 I24 W, WHITES CREEK, TN, 37189
INFO:root:EBONY DR & MCCAMPBELL AVE, NASHVILLE, TN, 37214
INFO:root:1 DERBY TRCE, NASHVILLE, TN, 37211
INFO:root:W HAMILTON, , TN,
INFO:root:1008 WHITES CREEK PIKE, NASHVILLE, TN, 37207
INFO:root:DICKERSON / 1ST, , TN,
INFO:root:4644 OLD HICKORY BLVD, , TN, 37218
INFO:root:4224 VALLEY GROVE DR, HERMITAGE, TN, 37076
INFO:root:I 65 N, , TN,
INFO:root:E WEBSTER ST & E PALESTINE AVE, MADISON, TN, 37115
INFO:root:I-24E, NASHVILLE, TN,
INFO:root:DR. WALTER DAVIS BLV. &, NAHVILLE, TN,
INFO:root:5502 MICHIGAN AVE, NASHVILLE, TN, 37209
INFO:root:BATTLEFIELD DR & BELMONT BLVD, NASHVILLE, TN, 37215
INFO:root:MCCRORY LN & NEWSOM STATION RD, NASHVILLE, TN, 37221
INFO:root:JOE PYRON DR & SORENSEN WAY, MADISON, TN, 37115
INFO:root:1300 RIVERSIDE DR, NASHVILLE, TN, 37206
INFO:root:21ST AVE N & HEIMAN ST, NASHVILLE, TN, 37208
INFO:root:CROUCH DR & RINGGOLD DR, NASHVILLE, TN, 37207
INFO:root:MM 206 4 I40 W, NASHVILLE, TN, 37208
ERROR:root:MM 206 4 I40 W, NASHVILLE, TN, 37208
INFO:root:28TH AVE & DEERFIELD DR, , , 37208
INFO:root:I-24, , TN,
INFO:root:21ST AVE & MEHARRY BLVD, NASHVILLE, TN, 37208
INFO:root:1133 GREENFIELD AVE, NASHVILLE, TN, 37216
INFO:root:119 ELBERTA ST, , TN, 37210
INFO:root:2521 ELM HILL PIKE, NASHVILLE, TN, 37214
INFO:root:HOPE HILL CT & REISCHA DR, NASHVILLE, TN, 37211
INFO:root:LYNNBROOK RD & SPERRY AVE, NASHVILLE, TN, 37215
INFO:root:921 4TH AVE S, NASHVILLE, , 37203
INFO:root:217 DONELSON PIKE, NASHVILLE, TN, 37214
INFO:root:BELLE OAKS DR & MOUNT VIEW RD, ANTIOCH, , 37013
INFO:root:OLD HICKORY BLVD, HERMITAGE, TN, 37076
INFO:root:3534 WEST END AVE, NASHVILLE, TN, 37205
INFO:root:6021 CLOVERLAND DR, BRENTWOOD, TN, 37027
INFO:root:1514 RIVERSIDE DR, NASHVILLE, TN, 37206
INFO:root:FRANKLIN LIMESTONE RD & MURFREESBORO PIK, ANTIOCH, TN, 37013
INFO:root:915 CHICKASAW AVE, NASHVILLE, TN, 37207
INFO:root:916 CRESCENT HILL RD, NASHVILLE, TN, 37206
INFO:root:0 NOLENSVILLE PIKE, NASHVILLE, TN, 37210
INFO:root:BUENA VISTA, , TN,
INFO:root:BELL RD & LAKERIDGE PASS, NASHVILLE, TN, 37214
INFO:root:1127 STRATFORD AVE, NASHVILLE, TN, 37216
INFO:root:7979 HWY 100, NASH, TN, 37221
INFO:root:6415 PREMIER DR, NASHVILLE, TN, 37209
INFO:root:2ND AVE, , TN,
INFO:root:MM 212 4 I40 E, NASHVILLE, TN, 37210
ERROR:root:MM 212 4 I40 E, NASHVILLE, TN, 37210
INFO:root:835 WOODMONT BLVD, NASHVILLE, TN, 37204
INFO:root:BRILEY PKWY N & I 24 E, , TN, 37211
INFO:root:SOUTHSIDE AVE & SOUTHSIDE PL, NASHVILLE, TN, 37203
INFO:root:RICHARDSON AVE, , TN,
INFO:root:GEN BATE, , TN,
INFO:root:2558 COUCHVILLE PIKE, , TN, 37214
INFO:root:1580 BELL RD, ANTIOCH, TN, 37013
INFO:root:UNIVERSITY, , TN,
INFO:root:JOH MALLETT, , TN,
INFO:root:I-21, , TN,
INFO:root:I 40 E & BRILEY PKWY N, NASHVILLE, TN, 37217
INFO:root:12TH AVE & KIRKWOOD AVE, NASHVILLE, TN, 37204
INFO:root:4206 ESTES RD, NASHVILLE, TN, 37215
INFO:root:MUFREESBORO RD, NASHVILLE, TN,
INFO:root:RHINE DR & WESTCHESTER DR, MADISON, TN, 37115
INFO:root:I-65N, NASHVILLE, TN, 37208
INFO:root:ENT N & WEDGEWOOD AVE, NASHVILLE, TN, 37204
INFO:root:1700 ROSA L PARKS BLVD, NASHVILLE, TN, 37208
INFO:root:4930 LINBAR DR, NASHVILLE, TN, 37211
INFO:root:S 7TH ST & CRUTCHER ST, NASHVILLE, TN, 37206
INFO:root:1613 16TH AVE S, NASHVILLE, TN, 37212
INFO:root:10TH AVE, CENTRAL, TN, 37203
INFO:root:1370 HILLSIDE AVE, NASHVILLE, TN, 37203
INFO:root:3127 BELWOOD ST, NASHVILLE, TN, 37203
INFO:root:1325 HILLSIDE AVE, NASHVILLE, TN, 37203
INFO:root:N 3RD ST & CLEVELAND ST, NASHVILLE, TN, 37207
INFO:root:10 UNIVERSITY CT, NASHVILLE, TN, 37210
INFO:root:2035 JEFFERSON ST, NASHVILLE, TN, 37208
INFO:root:6005, , TN,
INFO:root:JAMES ROBERSON PKWY, NASHVILLE, TN,
INFO:root:ARMORY, , TN,
INFO:root:3000 WEST END AVE, NASHVILLE, TN, 37212
INFO:root:12TH AVE & MCGAVOCK ST, NASHVILLE, TN, 37203
INFO:root:125 S GRAYCROFT AVE, MADISON, TN, 37115
INFO:root:2905 CHAPELWOOD DR, , TN, 37076
INFO:root:1309 SHELTON AVE, NASHVILLE, TN, 37216
INFO:root:I 40 W & GRUNDY ST, , TN, 37203
INFO:root:1809 GLADE ST, NASHVILLE, TN, 37207
INFO:root:6029 NOLENSVILLE PIKE, NASHVILLE, TN, 37211
INFO:root:FAIRMONT DR & PARK DR, NASHVILLE, TN, 37203
INFO:root:7011 RIVER ROAD PIKE, , TN, 37209
INFO:root:3322 WEST END AVE, NASHVILLE, TN, 37203
INFO:root:HART LN, EAST, TN, 37216
INFO:root:HILLSBORO PIKE & OLD HICKORY BLVD, BRENTWOOD, TN, 37027
INFO:root:1702 SHERWOOD LN, NASHVILLE, TN, 37216
INFO:root:1237 HILLSIDE AVE, NASHVILLE, TN, 37203
INFO:root:LAVRGN COUCHVLLE PIKE & PIN HOOK RD, ANTIOCH, TN, 37013
INFO:root:507 VILLAGE CT, NASHVILLE, TN, 37206
INFO:root:908 GOODBAR DR, NASHVILLE, TN, 37217
INFO:root:BELTON DR & BRESSLYN RD, NASHVILLE, TN, 37205
INFO:root:5TH AVE, CENTRAL, TN, 37219
INFO:root:9TH AVE & BUCHANAN ST, NASHVILLE, TN, 37208
INFO:root:10TH AVE & PALMER PL, NASHVILLE, TN, 37203
INFO:root:BROADMOOR DR & ELLINGTON PKWY, NASHVILLE, TN, 37216
INFO:root:DULING AVE & THELMA ST, MADISON, TN, 37115
INFO:root:CENTRAL PK, , TN,
INFO:root:4800 FRANKLIN PIKE, , TN, 37220
INFO:root:19TH AVE & HERMOSA ST, NASHVILLE, TN, 37208
INFO:root:OLD TRAIL CT & VILLAGE TRL, NASHVILLE, , 37207
INFO:root:HERMITAGE AVE & LINDSLEY AVE, NASHVILLE, TN, 37210
INFO:root:3900 DICKERSON PIKE, NASHVILLE, TN, 37207
INFO:root:20TH AVE S & BELCOURT AVE, NASHVILLE, TN, 37212
INFO:root:ESSEX PL & NATCHEZ TRC, , TN, 37212
INFO:root:4067 LEBANON PIKE, , TN, 37076
INFO:root:I-65N, NASHVILLE, TN, 37207
INFO:root:STONE HEATH CT & STONE RUN DR, NASHVILLE, TN, 37211
INFO:root:725 HERMITAGE PARK DR, , TN, 37076
INFO:root:2308 WINFORD AVE, NASHVILLE, TN, 37211
INFO:root:15565 OLD HICKORY BLVD, NASHVILLE, TN, 37211
INFO:root:HARPETH VALLEY RD & HWY 70 S, NASHVILLE, TN, 37221
INFO:root:48TH AVE N & ELKINS AVE, NASHVILLE, , 37209
INFO:root:CLARKSVILLE PIKE & ECHO LN, NASHVILLE, TN, 37218
INFO:root:5000 HARDING PL, NASHVILLE, TN, 37211
INFO:root:MM 89 6 I65 S, NASHVILLE, TN, 37207
ERROR:root:MM 89 6 I65 S, NASHVILLE, TN, 37207
INFO:root:GARFIELD ST, NASHVILLE, TN,
INFO:root:3339 EZELL RD, NASHVILLE, TN, 37211
INFO:root:247 OLD HICKORY BLVD, NASHVILLE, TN, 37221
INFO:root:CREEKLAND CT & CREEKWOOD N, NASHVILLE, TN, 37218
INFO:root:CHURCHILL XING & TWIN HILLS DR, , TN, 37115
INFO:root:HOBBIT LN & SUNNYWOOD DR, ANTIOCH, TN, 37013
INFO:root:4839 NOLENSVILLE PIKE, , TN, 37211
INFO:root:3200 GALLATIN PIKE, NASHVILLE, TN, 37216
INFO:root:BRICKMONT CT & BRICKMONT DR, NASHVILLE, TN, 37207
INFO:root:MCMURRAY DR & META DR, NASHVILLE, TN, 37211
INFO:root:4542 HARDING PL, , TN, 37205
INFO:root:WHITE BRIDGE P, NASHVILLE, TN,
INFO:root:158 4TH AVE N, NASHVILLE, TN, 37201
INFO:root:BROADWAY & WEST END AVE, NASHVILLE, TN, 37203
INFO:root:ELM HILL PIKE & MCCRORY CREEK RD, NASHVILLE, TN, 37214
INFO:root:DELTA AVE, NORTH, TN, 37208
INFO:root:5070 CLARKSVILLE PIKE, , TN, 37189
INFO:root:8308 SAWYER BROWN RD, , TN, 37221
INFO:root:1909 COUNTY HOSPITAL RD, NASHVILLE, TN, 37218
INFO:root:4108 HILLSBORO CIR, NASHVILLE, TN, 37215
INFO:root:JOE PYRON DR & PAWNEE TRL, MADISON, TN, 37115
INFO:root:MM 208 8 I40 E, NASHVILLE, TN, 37203
ERROR:root:MM 208 8 I40 E, NASHVILLE, TN, 37203
INFO:root:320 OLD HICKORY BLVD, NASHVILLE, TN, 37221
INFO:root:619 MILLWOOD DR, NASHVILLE, TN, 37217
INFO:root:SHEPHERD HILLS DR, , TN, 37115
INFO:root:801 N 2ND ST, NASHVILLE, TN, 37207
INFO:root:MARIE ST & PENNOCK AVE, NASHVILLE, TN, 37207
INFO:root:639 SYLVAN ST, NASHVILLE, TN, 37206
INFO:root:DICKERSON PIKE & HART LA, NASHVILLE, TN, 37207
INFO:root:720 MURFREESBORO PIKE, NASHVILLE, TN, 37210
INFO:root:7600 OLD CHARLOTTE PIKE, NASHVILLE, TN, 37209
INFO:root:MURFREESBORO PIKE & RANSOM PL, , TN, 37217
INFO:root:ASHLAND CITY HWY/WWCR AVE, NASHVILLE, TN,
ERROR:root:ASHLAND CITY HWY/WWCR AVE, NASHVILLE, TN,
INFO:root:523 WEDGEWOOD AVE, NASHVILLE, TN, 37204
INFO:root:1180 MURFREESBORO PIKE, NASHVILLE, TN, 37217
INFO:root:E OLD HICKORY BLVD & RANDY RD, MADISON, TN, 37115
INFO:root:4728 OLD HICKORY BLVD, OLD HICKORY, TN, 37138
INFO:root:21ST AVE & ALBION ST, NASHVILLE, TN, 37208
INFO:root:28TH AVE N & ALBION ST, NASHVILLE, TN, 37209
INFO:root:3606 GEORGIA CT, NASHVILLE, TN, 37209
INFO:root:2200 MURFREESBORO PIKE, NASHVILLE, TN, 37217
INFO:root:3923 ALAMEDA ST, NASHVILLE, TN, 37209
INFO:root:BILOXI AVE & FRANKLIN PIKE, NASHVILLE, , 37204
INFO:root:920 S GALLATIN PIKE, MADISON, TN, 37115
INFO:root:0 NOLENSVILLE PIKE, NASHVILLE, TN, 37211
INFO:root:1030 JEFFERSON ST, NASHVILLE, TN, 37208
INFO:root:NASHBORO GRNS, , TN, 37217
INFO:root:DULING AVE & N GALLATIN PIKE, MADISON, , 37115
INFO:root:2005 PORTER RD, NASHVILLE, TN, 37216
INFO:root:4707 KENTUCKY AVE, NASHVILLE, TN, 37209
INFO:root:AURORA AVE & GLOBE PL, , TN, 37115
INFO:root:CALIFORNIA AVE & CENTENNIAL BLVD, NASHVILLE, TN, 37209
INFO:root:FREDA VILLA & SAUNDERS AVE, MADISON, TN, 37115
INFO:root:PORTER RD & WAYNE DR, NASHVILLE, TN, 37216
INFO:root:MYATT DR, MADISON, TN,
INFO:root:428 PRESTWICK CT, NASHVILLE, TN, 37205
INFO:root:151 LAFAYETTE ST, NASHVILLE, TN, 37210
INFO:root:OLD MURFREESBORO RD, , TN,
INFO:root:656 E OLD HICKORY BLVD, MADISON, TN, 37115
INFO:root:TWO RIVERS PKWY & TWO RIVERS PKWY RAMP, , TN, 37214
INFO:root:1200 EASTLAND AVE, NASHVILLE, TN, 37206
INFO:root:I 40 E & 12TH AVE S, , TN, 37203
INFO:root:576 TYLER DR, , TN, 37076
INFO:root:CONFERENCE DR & WINDSOR GREEN BLVD, GOODLETTSVILLE, TN, 37072
INFO:root:2741 SMITH SPRINGS RD, NASHVILLE, TN, 37217
INFO:root:614 EWING AVE, NASHVILLE, TN, 37203
INFO:root:10TH ST & BRYAN ST, OLD HICKORY, TN, 37138
INFO:root:GINA BROOKE CT & GINA BROOKE DR, HERMITAGE, TN, 37076
INFO:root:CHASE BLVD & S CLUB CT, , TN, 37076
INFO:root:16TH AVE, WEST, TN, 37212
INFO:root:MCFERRIN AVE & SILVERDENE PL, NASHVILLE, TN, 37206
INFO:root:S 15TH ST & SEVIER CT, , TN, 37206
INFO:root:MCMURRAY DR, , TN, 37211
INFO:root:308 RANDY RD, MADISON, TN, 37115
INFO:root:ELLINGTON PKWY, NASHVILLE, TN, 37206
INFO:root:909 DAVIDSON RD, NASHVILLE, TN, 37205
INFO:root:CEDARCLIFF RD & KINWOOD DR, ANTIOCH, TN, 37013
INFO:root:I 65 S, MADISON, TN,
INFO:root:CONFERENCE DR & VIETNAM VETERANS BLVD N, GOODLETTSVILLE, TN, 37072
INFO:root:150 GORDON TER, , TN, 37207
INFO:root:3410 BELMONT BLVD, NASHVILLE, , 37215
INFO:root:4901 JONQUIL DR, NASHVILLE, TN, 37211
INFO:root:BRILEY E ENT RAMP & WHITES CREEK PIKE, , TN, 37207
ERROR:root:BRILEY E ENT RAMP & WHITES CREEK PIKE, , TN, 37207
INFO:root:2603 FRANKLIN PIKE, NASHVILLE, TN, 37204
INFO:root:MM 196 I4O E, , TN,
INFO:root:2903 JONES AVE, NASHVILLE, TN, 37207
INFO:root:1035 TYNE BLVD, NASHVILLE, TN, 37220
INFO:root:1503 CLAY ST, NASHVILLE, TN, 37208
INFO:root:1322 MERIDIAN ST, NASHVILLE, TN, 37207
INFO:root:HERMITAGE WOODS DR & RAINTREE PL, HERMITAGE, TN, 37076
INFO:root:3RD AVE N, , TN, 37208
INFO:root:3943 CROUCH DR, NASHVILLE, TN, 37207
INFO:root:CHARLOTTE PIKE & WEST HILLS CONDOS PVT, NASHVILLE, TN, 37221
ERROR:root:CHARLOTTE PIKE & WEST HILLS CONDOS PVT, NASHVILLE, TN, 37221
INFO:root:DICKERSON PIKE & E TRINITY LN, NASHVILLE, TN, 37207
INFO:root:754 VERNON AVE, NASHVILLE, TN, 37209
INFO:root:4712 NOLENSVILLE PIKE, NASHVILLE, TN, 37211
INFO:root:116 LYNNWOOD TER, , TN, 37205
INFO:root:5111 NOLENSVILLE PIKE, , TN, 37211
INFO:root:I 24 MM 50, , TN,
INFO:root:HOMELAND DR & STEVENS LA, , TN, 37218
ERROR:root:HOMELAND DR & STEVENS LA, , TN, 37218
INFO:root:2282 MURFREESBORO PIKE, , TN, 37217
INFO:root:1 DELL PKWY, NASHVILLE, TN, 37217
INFO:root:BIENVILLE DR & SUNNYWOOD DR, ANTIOCH, TN, 37013
INFO:root:DB TODD/SIEFRIED, , TN,
INFO:root:0 UNA ANTIOCH PIKE, , TN, 37013
INFO:root:705 CURREY RD, NASHVILLE, TN, 37211
INFO:root:HWY 70 & MCCRORY LN, NASHVILLE, TN, 37221
INFO:root:MM 55 2 I 24 E, NASHVILLE, TN, 37211
ERROR:root:MM 55 2 I 24 E, NASHVILLE, TN, 37211
INFO:root:3536 BELL RD, , TN, 37214
INFO:root:6031 DEAL AVE, NASHVILLE, TN, 37209
INFO:root:5315 NOLENSVILLE PIKE, NASHVILLE, TN, 37211
INFO:root:5515 COUNTRY DR, NASHVILLE, TN, 37211
INFO:root:334 EDWIN ST, NASHVILLE, TN, 37207
INFO:root:4312 LONE OAK RD, NASHVILLE, TN, 37215
INFO:root:121 HART LN, NASHVILLE, TN, 37207
INFO:root:21ST AVE & BEECHWOOD AVE, NASHVILLE, TN, 37212
INFO:root:246 WHITE BRIDGE PIKE, NASHVILLE, TN, 37209
INFO:root:3317 COUNTRY WAY RD, , TN, 37013
INFO:root:7004 CHARLOTTE PIKE, NASHVILLE, TN, 37209
INFO:root:FORMOSA ST, NORTH, TN, 37208
INFO:root:417 S 5TH ST, , , 37206
INFO:root:HARDING PIKE & N KENNER AVE, NASHVILLE, TN, 37205
INFO:root:5242 EDMONDSON PIKE, NASHVILLE, TN, 37211
INFO:root:SOUTH 14TH ST, , TN,
INFO:root:11TH AVE & ACKLEN AVE, NASHVILLE, TN, 37204
INFO:root:CHESTER AVE & SCOTT AVE, NASHVILLE, TN, 37206
INFO:root:DANBY DR & ELAINE DR, NASHVILLE, , 37211
INFO:root:945 SHARPE AVE, NASHVILLE, TN, 37206
INFO:root:4909 GRANNY WHITE PIKE, NASHVILLE, TN, 37215
INFO:root:I 65 N & WEDGEWOOD AVE, NASHVILLE, TN, 37203
INFO:root:206 TYLER DR, HERMITAGE, TN, 37076
INFO:root:3520 DICKERSON PIKE, NASHVILLE, TN, 37207
INFO:root:1214 CHURCH ST, NASHVILLE, TN, 37203
INFO:root:2ND AVE, CENTRAL, TN, 37210
INFO:root:63RD AVE & CALIFORNIA AVE, NASHVILLE, TN, 37209
INFO:root:454 MURFREESBORO PIKE, NASHVILLE, TN, 37210
INFO:root:3838 OLD HICKORY BLVD, OLD HICKORY, TN, 37138
INFO:root:1022 16TH AVE N, , TN, 37208
INFO:root:1921 GREENWOOD AVE, NASHVILLE, TN, 37206
INFO:root:420 ANNEX AVE, NASH, TN, 37209
INFO:root:LENORE ST & S 7TH ST, NASHVILLE, TN, 37206
INFO:root:23RD AVE & LACY ST, NASHVILLE, TN, 37208
INFO:root:3115 DICKERSON PIKE, , TN, 37207
INFO:root:EMERSON ST & NORTHVIEW AVE, NASHVILLE, , 37216
INFO:root:FATHERLAND ST & SOUTH 13TH, , TN,
INFO:root:2505 21ST AVE SOUTH, , TN,
INFO:root:2510 BRICK DR, NASHVILLE, TN, 37207
INFO:root:NED SHELTON RD & SMITH SPRINGS RD, , TN, 37217
INFO:root:1213 DICKERSON PIKE, , TN, 37207
INFO:root:2329 RIVERSIDE DR, NASHVILLE, TN, 37216
INFO:root:S 7TH ST & BOSCOBEL ST, NASHVILLE, TN, 37206
INFO:root:2325 RIVERSIDE DR, NASHVILLE, TN, 37216
INFO:root:4740 LEBANON PIKE, HERMITAGE, TN, 37076
INFO:root:7117 BAY COVE TRL, NASHVILLE, TN, 37221
INFO:root:MM 42 2 I24 E, WHITES CREEK, TN, 37189
INFO:root:328 E TRINITY LN, NASHVILLE, TN, 37207
INFO:root:211 LONGHUNTER CIR, NASHVILLE, TN, 37217
INFO:root:BRIARWOOD DR & TIMBERHILL DR, , TN, 37211
INFO:root:N 7TH ST & HOWERTON ST, NASHVILLE, TN, 37206
INFO:root:I -440 W, , TN,
INFO:root:S NEW HOPE RD & HUNTERS POINT LN, HERMITAGE, TN, 37076
INFO:root:MADISON INDUSTRIAL RD & RIVER BLUFF DR, MADISON, TN, 37115
INFO:root:LEALAND LN & MILESDALE DR, NASHVILLE, TN, 37204
INFO:root:3855 CLARKSVILLE PIKE, NASHVILLE, TN, 37218
INFO:root:5700 CHARLOTTE PIKE, NASHVILLE, TN, 37209
INFO:root:S 1ST ST & RUSSELL ST, NASHVILLE, TN, 37213
INFO:root:526 FRANKLIN LIMESTN RD, NASHVILLE, TN, 37217
INFO:root:10TH AV S, NASHVILLE, TN,
INFO:root:2515 NOLENSVILLE PIKE, NASHVILLE, TN, 37211
INFO:root:217 MAPLE ST, MADISON, TN, 37115
INFO:root:CHARLIE PL & GARRISON DR, , TN, 37207
INFO:root:FOSTER PL & LEVY LN, NASHVILLE, TN, 37207
INFO:root:2628 GLENROSE AVE, NASHVILLE, TN, 37210
INFO:root:CENTRAL PKE EXIT & I 40 ENTRY W, HERMITAGE, TN, 37076
ERROR:root:CENTRAL PKE EXIT & I 40 ENTRY W, HERMITAGE, TN, 37076
INFO:root:TUCKAHOE DR & WESTCHESTER DR, MADISON, TN, 37115
INFO:root:OCTOBER WOODS DR & OLD HICKORY BLVD, ANTIOCH, TN, 37013
INFO:root:I 65 S & OLD HICKORY BLVD W, MADISON, TN, 37115
INFO:root:LAGRANGE DR & SNELL BLVD, NASHVILLE, TN, 37218
INFO:root:605 DEW ST, NASHVILLE, TN, 37206
INFO:root:4800 BIG HORN DR, HERMITAGE, TN, 37076
INFO:root:WALSH RD & WILSON DR, NASHVILLE, TN, 37203
INFO:root:563 SHUTE LN, HERMITAGE, TN, 37076
INFO:root:16TH AVE N & BROADWAY, NASHVILLE, TN, 37203
INFO:root:3255 ANDERSON RD, ANTIOCH, TN, 37013
INFO:root:435 E TRINITY LN, NASHVILLE, TN, 37207
INFO:root:1020 ELVIRA AVE, NASHVILLE, TN, 37216
INFO:root:8167 HWY 70 S, NASHVILLE, TN, 37221
INFO:root:430 EWING DR, NASHVILLE, TN, 37207
INFO:root:370 WALLA, , TN,
INFO:root:2128 ELM HILL PIKE, NASHVILLE, TN, 37210
INFO:root:6521 PREMIER DR, NASHVILLE, TN, 37209
INFO:root:7512 CHARLOTTE PIKE, NASHVILLE, TN, 37221
INFO:root:N 17TH ST & GARTLAND AVE, NASHVILLE, TN, 37206
INFO:root:I 24 EAST & BRILEY PKWY, , TN,
INFO:root:BUCKPASSER AVE & HAMILTON CHURCH RD, ANTIOCH, TN, 37013
INFO:root:HAMILTON CROSSINGS & MURFREESBORO PIKE, ANTIOCH, TN, 37013
INFO:root:4500 HARDING PIKE, , TN, 37205
INFO:root:HILLSBORO PIKE & RICHARD JONES RD, NASHVILLE, TN, 37215
INFO:root:4152 NOLENSVILLE PIKE, NASHVILLE, TN, 37211
INFO:root:3505 ALBION ST, NASHVILLE, TN, 37209
INFO:root:1355 HILLSIDE AVE, NASHVILLE, TN, 37203
INFO:root:NATCHEZ TRC & W LINDEN AVE, , TN, 37212
ERROR:root:NATCHEZ TRC & W LINDEN AVE, , TN, 37212
INFO:root:7078 CHARLOTTE PIKE, NASHVILLE, TN, 37209
INFO:root:521 ASH ST, , TN, 37203
INFO:root:1720 WARFIELD DR, NASHVILLE, TN, 37215
INFO:root:HIGHLAND DR & SUNSET DR, NASHVILLE, TN, 37207
INFO:root:EDMONDSON PIKE, PROVIDENCE, TN, 37211
INFO:root:500 COMMERCE ST, NASHVILLE, TN, 37219
INFO:root:50 E THOMPSON LN, NASHVILLE, TN, 37210
INFO:root:5032 LINBAR DR, NASHVILLE, TN, 37211
INFO:root:629 SYLVAN ST, NASHVILLE, TN, 37206
INFO:root:LISCHEY AVE & MARIE ST, NASHVILLE, , 37207
INFO:root:200 ANTHONY ST, OLD HICKORY, TN, 37138
INFO:root:231 OLD HICKORY BLVD W, MADISON, TN, 37115
INFO:root:1212 MEHARRY BLVD, NASHVILLE, TN, 37208
INFO:root:3412 BELMONT BLVD, NASHVILLE, TN, 37215
INFO:root:ROSA L PARKS AND JEFFERSON ST, NASHVILLE, TN,
INFO:root:STRICKLAND DR & YEAMAN PL, NASHVILLE, TN, 37206
INFO:root:MARSDEN AVE & THISTLEWOOD AVE, NASHVILLE, TN, 37216
INFO:root:63RD AVE N & NEW YORK AVE, NASHVILLE, TN, 37209
INFO:root:2112 EASTLAND AVE, NASHVILLE, TN, 37206
INFO:root:5839 CHARLOTTE PIKE, , TN, 37209
INFO:root:FATHERLAND ST & S 13TH ST, NASHVILLE, TN, 37206
INFO:root:CATHERINE JOHNSON PKWY & CLIFTON AVE, NASHVILLE, TN, 37209
INFO:root:ANDERSON PL & THOMAS AVE, NASHVILLE, , 37216
INFO:root:1 65 N, , TN,
INFO:root:2807 GALLATIN PIKE, NASHVILLE, TN, 37216
INFO:root:SUNNYVIEW CT & SUNNYVIEW DR, , TN, 37218
INFO:root:515 INWOOD DR, NASHVILLE, TN, 37211
INFO:root:2314 10TH AVE S, NASHVILLE, TN, 37204
INFO:root:2925 BABY RUTH LN, ANTIOCH, TN, 37013
INFO:root:3049 DICKERSON PIKE, NASHVILLE, TN, 37207
INFO:root:8TH AVE S & ARCHER ST, NASHVILLE, TN, 37203
INFO:root:BIANCO RD & CLARKSVILLE PIKE, JOELTON, TN, 37080
INFO:root:2308 FOSTER AVE, NASHVILLE, TN, 37210
INFO:root:711 LEMONT DR, NASHVILLE, TN, 37216
INFO:root:MM 75 I65 S, BRENTWOOD, TN, 37027
INFO:root:S DOUGLAS AVE & BEECH AVE, NASHVILLE, TN, 37204
INFO:root:1837 DR D B TODD JR BLVD, NASHVILLE, TN, 37208
INFO:root:3205 WEST END AVE, NASHVILLE, TN, 37203
INFO:root:2911 STOKERS LN, NASHVILLE, TN, 37218
INFO:root:SOUTH 14, NASHVILLE, TN,
INFO:root:404 HARDING PL, NASHVILLE, TN, 37211
INFO:root:HWY 70 S & OLD HICKORY BLVD, NASHVILLE, TN, 37221
INFO:root:MCCALL ST, WOODBINE, TN, 37211
INFO:root:7500 OLD HICKORY BLVD, WHITES CREEK, TN, 37189
INFO:root:MM 208 0 I40 E, NASHVILLE, TN, 37208
ERROR:root:MM 208 0 I40 E, NASHVILLE, TN, 37208
INFO:root:1060 W TRINITY LN, NASHVILLE, TN, 37218
INFO:root:HORTON AVE, WEST, TN, 37212
INFO:root:DAVIDSON ST & S 5TH ST, NASHVILLE, TN, 37206
INFO:root:CONTINENTAL DR & SPRINT DR, , TN, 37209
INFO:root:CUMMINS DR & MCGAVOCK PIKE, NASHVILLE, TN, 37217
INFO:root:1170 S GALLATIN PIKE, MADISON, TN, 37115
INFO:root:1103 S GRAYCROFT AVE, MADISON, TN, 37115
INFO:root:823 MUFREESBORO, , TN,
INFO:root:MURFREESBORO PKE / HURRICANE C, , TN,
INFO:root:2314 FOSTER AVE, NASHVILLE, TN, 37210
INFO:root:2527 CLARKSVILLE PIKE, NASHVILLE, TN, 37208
INFO:root:5130 LINBAR DR, NASHVILLE, TN, 37211
INFO:root:2960 SIDCO DR, NASHVILLE, TN, 37204
INFO:root:ENSLEY AVE & KEETON AVE, OLD HICKORY, TN, 37138
INFO:root:1320 ELM HILL PIKE, NASHVILLE, TN, 37210
INFO:root:2308 VALLEY BROOK RD, , TN, 37215
INFO:root:FREELANDS STATION RD & MAINSTREAM DR, NASHVILLE, , 37228
INFO:root:HARDING PL & I24 E, , TN,
INFO:root:40TH AVE N & INDIANA AVE, NASHVILLE, TN, 37209
INFO:root:533 S 7TH ST, NASHVILLE, TN, 37206
INFO:root:BAILEY ST & W EASTLAND AVE, NASHVILLE, TN, 37206
INFO:root:OLD MURFREESBORO PK, NASHVILLE, TN,
INFO:root:I40 W EXIT & 2ND AVE S, NASHVILLE, TN, 37210
INFO:root:CABOT DR & CHARLOTTE PIKE, NASHVILLE, TN, 37209
INFO:root:4001 ELKINS AVE, NASHVILLE, TN, 37209
INFO:root:333 S GALLATIN PIKE, MADISON, TN, 37115
INFO:root:2115 ANTIOCH PIKE, ANTIOCH, TN, 37013
INFO:root:OLD HICKORY BLVD, , TN, 37221
INFO:root:103 FARRIS AVE, MADISON, TN, 37115
INFO:root:1835 HERMOSA ST, NASHVILLE, TN, 37208
INFO:root:709 CHADWELL DR, MADISON, TN, 37115
INFO:root:BRILEY PKWY & CURREY RD, NASHVILLE, TN, 37211
ERROR:root:BRILEY PKWY & CURREY RD, NASHVILLE, TN, 37211
INFO:root:HIGH ST & NOLENSVILLE PIKE, NASHVILLE, TN, 37211
INFO:root:11TH AVE & WADE AVE, NASHVILLE, TN, 37203
INFO:root:1612 ELM HILL PIKE, NASHVILLE, , 37210
INFO:root:782 HUNTINGTON PKWY, NASHVILLE, TN, 37211
INFO:root:918 W TRINITY LN, NASHVILLE, TN, 37207
INFO:root:221 E WEBSTER ST, MADISON, TN, 37115
INFO:root:55TH AVE & TENNESSEE AVE, NASHVILLE, TN, 37209
INFO:root:24TH AVE S & BLAKEMORE AVE, NASHVILLE, TN, 37212
INFO:root:SPENCE LN, NASHVILLE, TN, 37210
INFO:root:1021 SPAIN AVE, NASHVILLE, TN, 37216
INFO:root:MOOREWOOD DR & WILMOTH RD, NASHVILLE, TN, 37207
INFO:root:EAST BEND, NASHVILLE, TN, 37209
INFO:root:ANDREW JACKSON PKWY & OLD LEBANON DIRT R, HERMITAGE, TN, 37076
INFO:root:W MAPLEWOOD LN & MAPLEWOOD TRCE, NASHVILLE, TN, 37207
INFO:root:LOVELL ST & N GALLATIN PIKE, MADISON, TN, 37115
INFO:root:4201 CENTRAL PIKE, , TN, 37076
INFO:root:813 HILLWOOD BLVD, , TN, 37209
INFO:root:850 DOUGLAS AVE, NASHVILLE, TN, 37206
INFO:root:23RD AVE N & HEIMAN ST, NASHVILLE, TN, 37208
INFO:root:105 N 6TH ST, NASHVILLE, TN, 37206
INFO:root:1903 COUNTY HOSPITAL RD, NASHVILLE, TN, 37218
INFO:root:1450 BELL RD, , , 37013
INFO:root:100 CHEEK RD, NASHVILLE, TN, 37205
INFO:root:1206 GALLATIN AVE, NASHVILLE, TN, 37206
INFO:root:11TH AVE & MONROE ST, NASHVILLE, TN, 37208
INFO:root:1622 SHELBY AVE, NASHVILLE, TN, 37206
INFO:root:1664 ANTIOCH PIKE, ANTIOCH, TN, 37013
INFO:root:CARL MILLER DR & MONTE CARLO DR, ANTIOCH, TN, 37013
INFO:root:4TH AVE & JACKSON CT, NASHVILLE, TN, 37219
INFO:root:43 E THOMPSON LN, NASHVILLE, TN, 37211
INFO:root:1726 21ST AVE N, , TN, 37208
INFO:root:1133 ANTIOCH PIKE, NASHVILLE, TN, 37211
INFO:root:2526 EDGE O LAKE DR, NASHVILLE, TN, 37217
INFO:root:5275 BUENA VISTA PIKE, , TN, 37218
INFO:root:MM 208 I40 E, NASHVILLE, TN, 37208
ERROR:root:MM 208 I40 E, NASHVILLE, TN, 37208
INFO:root:7648 HWY 70 S, NASHVILLE, TN, 37221
INFO:root:6589 CABOT DR, NASHVILLE, TN, 37209
INFO:root:608 39TH AVE N, NASHVILLE, TN, 37209
INFO:root:43RD AVE N & IDAHO AVE, , TN, 37209
INFO:root:1010 MAXWELL AVE, NASHVILLE, TN, 37206
INFO:root:7898 GREENBRIER RD, JOELTON, TN, 37080
INFO:root:I 24 W MM 61, , TN,
INFO:root:RAYON DR & SCENIC VIEW RD, OLD HICKORY, TN, 37138
INFO:root:1213 AVONDALE CIR, NASHVILLE, TN, 37207
INFO:root:2921 OWENDALE DR, ANTIOCH, TN, 37013
INFO:root:I 40 W & JEFFERSON ST, NASHVILLE, TN, 37208
INFO:root:901 WINTHORNE DR, , TN, 37217
INFO:root:308 PARAGON MILLS RD, NASHVILLE, TN, 37211
INFO:root:WEST END 29TH, , TN,
INFO:root:2600 DICKERSON PIKE, , TN, 37207
INFO:root:ELLINGTON PKWY, NASHVILLE, TN, 37207
INFO:root:718 PATRICIA DR, NASHVILLE, TN,
INFO:root:121 LUCILE ST, NASHVILLE, TN, 37207
INFO:root:655 WEDGEWOOD AVE, NASHVILLE, TN, 37204
INFO:root:8TH AVE & GLEAVES ST, NASHVILLE, TN, 37203
INFO:root:491 BELL RD, , TN, 37217
INFO:root:300 BONNASPRING DR, HERMITAGE, TN, 37076
INFO:root:2705 BRONTE AVE, NASHVILLE, , 37216
INFO:root:2509 12TH AVE, NASHVILLE, TN, 37212
INFO:root:206 ELBERTA ST, NASHVILLE, TN, 37210
INFO:root:LOVELL ST & N GALLATIN PIKE, MADISON, , 37115
INFO:root:325 PLUS PARK BLVD, NASHVILLE, TN, 37217
INFO:root:600 14TH AVE S, , TN, 37203
INFO:root:1021 FOSTER AVE, NASHVILLE, TN, 37210
INFO:root:DAVIDSON DR & HAPWOOD DR, NASHVILLE, TN, 37209
INFO:root:MALLOW DR & WARRIOR RD, MADISON, TN, 37115
INFO:root:22ND AVE & FORMOSA ST, NASHVILLE, TN, 37208
INFO:root:BRIARWOOD DR & DARLINGTON DR, , TN, 37211
INFO:root:326 SUNRISE AVE, NASHVILLE, TN, 37211
INFO:root:FOSTER CREIGHTON DR & THOMPSON LN, NASHVILLE, TN, 37204
INFO:root:481 OLD HICKORY BLVD, NASHVILLE, TN, 37220
INFO:root:LISCHEY AVE & RICHARDSON AVE, NASHVILLE, TN, 37207
INFO:root:1831 STEWART PL, , TN, 37203
INFO:root:4TH AVE S & MILDRED SHUTE AVE, NASHVILLE, TN, 37203
INFO:root:S DOUGLAS AVE & 11TH AVE, , , 37204
INFO:root:20TH AVE N & WEST END AVE, NASHVILLE, TN, 37203
INFO:root:405 FIELDCREST DR, NASHVILLE, TN, 37220
INFO:root:3020 MURFREESBORO PIKE, , TN, 37013
INFO:root:3622 CENTRAL PIKE, HERMITAGE, TN, 37076
INFO:root:LEBANON PIKE, OLD HICKORY, TN, 37138
INFO:root:PRIEST LAKE DR, , TN, 37076
INFO:root:HARDING PL & MILNER DR, NASHVILLE, TN, 37211
INFO:root:10 PUBLIC SQ, NASHVILLE, TN, 37201
INFO:root:7221 HWY 70 S, NASHVILLE, TN, 37221
INFO:root:2748 LEBANON PIKE, , TN, 37214
INFO:root:148 NOEL COVE CIR, HERMITAGE, TN, 37076
INFO:root:1253 12TH AVE S, NASHVILLE, TN, 37212
INFO:root:PORTER RD, , TN, 37216
INFO:root:HART LN & HART LN, NASHVILLE, TN, 37207
INFO:root:5300 KENTUCKY AVE, NASHVILLE, TN, 37209
INFO:root:228 MANZANO RD, MADISON, TN, 37115
INFO:root:I 40 E & I 440 RMP E, NASHVILLE, TN, 37208
ERROR:root:I 40 E & I 440 RMP E, NASHVILLE, TN, 37208
INFO:root:939 ANDERSON LA, MADISON, TN, 37115
INFO:root:3009 WEST END AVE, NASHVILLE, TN, 37212
INFO:root:OAKWOOD AVE & WESLEY AVE, NASHVILLE, TN, 37207
INFO:root:BASSWOOD AVE & ROBERTSON AVE, NASHVILLE, TN, 37209
INFO:root:CITRUS DR & PARAGON MILLS RD, NASHVILLE, TN, 37211
INFO:root:14TH AVE & HEIMAN ST, NASHVILLE, TN, 37208
INFO:root:MM 2 I440 E, NASHVILLE, , 37205
ERROR:root:MM 2 I440 E, NASHVILLE, , 37205
INFO:root:1005 DICKERSON PIKE, NASHVILLE, TN, 37207
INFO:root:GALE LN & LEALAND LN, NASHVILLE, TN, 37204
INFO:root:D R  D B TODD JR BLVD, , TN,
INFO:root:N 7TH ST & RICHARDSON AVE, NASHVILLE, TN, 37207
INFO:root:1419 ROBINSON RD, , TN, 37138
INFO:root:45TH AVE N & INDIANA AVE, NASHVILLE, TN, 37209
INFO:root:3810 CENTRAL PIKE, HERMITAGE, TN, 37076
INFO:root:DONELSON PIKE & I 40 E, NASHVILLE, TN, 37214
INFO:root:MM 195 4 I40 E, NASHVILLE, TN, 37221
ERROR:root:MM 195 4 I40 E, NASHVILLE, TN, 37221
INFO:root:BLACKWATER DR, , TN,
INFO:root:2708 NOLENSVILLE PIKE, NASHVILLE, TN, 37210
INFO:root:3585 BRICK CHURCH PIKE, NASHVILLE, TN, 37207
INFO:root:BERRYWOOD WAY & MULBERRY DOWNS CIR, NASHVILLE, TN, 37207
INFO:root:5208 GEORGIA AVE, NASHVILLE, TN, 37209
INFO:root:200 E OLD HICKORY BLVD, MADISON, TN, 37115
INFO:root:MURFREESBORO PIKE, HERMITAGE, TN, 37210
INFO:root:307 LINDA LN, MADISON, TN, 37115
INFO:root:1319 HILLSIDE AVE, NASHVILLE, TN, 37203
INFO:root:BELMONT BLVD & PRIMROSE AVE, NASHVILLE, TN, 37212
INFO:root:220 POLK AVE, NASHVILLE, TN, 37203
INFO:root:2315 VALLEY BROOK RD, NASHVILLE, TN, 37215
INFO:root:4TH AVE S & NOLENSVILLE PIKE, NASHVILLE, TN, 37203
INFO:root:113 2ND AVE N, NASHVILLE, TN, 37201
INFO:root:5728 CHARLOTTE PIKE, NASHVILLE, TN, 37209
INFO:root:119 GUILL CT, NASHVILLE, TN, 37214
INFO:root:3137 LONG BLVD, NASHVILLE, TN, 37203
INFO:root:BRIARVILLE RD & LEWIS RD, MADISON, TN, 37115
INFO:root:1030 E TRINITY LN, NASHVILLE, TN, 37216
INFO:root:EDWARDS AVE & VIRGINIA AVE, NASHVILLE, TN, 37216
INFO:root:MELMACK DR & SYFERT LN, NASHVILLE, TN, 37211
INFO:root:4905 NOLENSVILLE PIKE, NASHVILLE, TN, 37211
INFO:root:2406 NOLENSVILLE PIKE, NASHVILLE, TN, 37210
INFO:root:660 LAFAYETTE ST, NASHVILLE, TN, 37203
INFO:root:WOODLAWN DR, , TN, 37215
INFO:root:596 CLAIBORNE ST, , TN, 37210
INFO:root:7409 HWY 100, , TN, 37221
INFO:root:SAUNDERSVILLE RD & WYNTERGRACE FARM RD, OLD HICKORY, TN, 37138
INFO:root:ARCO DR & TYNE BLVD, NASHVILLE, TN, 37215
INFO:root:3205 MASONWOOD DR, NASHVILLE, TN, 37207
INFO:root:4911 ILLINOIS AVE, NASHVILLE, TN, 37209
INFO:root:10TH ST & JONES ST, , , 37138
INFO:root:MM 9, , TN,
INFO:root:801 S 8TH CT, NASHVILLE, TN, 37206
INFO:root:815 N CURTISWOOD LN, NASHVILLE, TN, 37204
INFO:root:401 THOMPSON LN, NASHVILLE, TN, 37211
INFO:root:BONNAFAIR DR & BONNAHURST DR, HERMITAGE, TN, 37076
INFO:root:CLAY LICK RD & I 24 W, WHITES CREEK, TN, 37189
ERROR:root:CLAY LICK RD & I 24 W, WHITES CREEK, TN, 37189
INFO:root:EASTLAND AVE & NEWHALL DR, , TN, 37206
INFO:root:52ND AVE N & LOUISIANA AVE, NASHVILLE, TN, 37209
INFO:root:BLACKMAN RD & TIMBERHILL DR, NASHVILLE, TN, 37211
INFO:root:3751 NOLENSVILLE PIKE, NASHVILLE, TN, 37211
INFO:root:COOPER LN & RAVENWOOD DR, NASHVILLE, TN, 37216
INFO:root:1443 14TH AVE S, NASHVILLE, TN, 37212
INFO:root:3441 LEBANON PIKE, HERMITAGE, TN, 37076
INFO:root:3527 CHARLOTTE AVE, NASHVILLE, TN, 37209
INFO:root:3100 LEBANON PIKE, NASHVILLE, TN, 37214
INFO:root:1222 HORTON AVE, NASHVILLE, TN, 37212
INFO:root:51 PEACHTREE ST, NASHVILLE, TN, 37210
INFO:root:BEECH TREE LN & COTTONPORT DR, BRENTWOOD, TN, 37027
INFO:root:23RD AVE N & CASS ST, NASHVILLE, TN, 37208
INFO:root:3840 SAUNDERS AVE, NASHVILLE, TN, 37216
INFO:root:300 WHITSETT RD, NASHVILLE, TN, 37210
INFO:root:HILLWOOD BLVD, WEST, TN, 37209
INFO:root:4451 ANDREW JACKSON PKWY, HERMITAGE, TN, 37076
INFO:root:31 LINDSLEY AVE, NASHVILLE, TN, 37210
INFO:root:834 S 6TH ST, , , 37206
INFO:root:1304 N AVONDALE CIR, NASHVILLE, TN, 37207
INFO:root:4130 ANDREW JACKSON PKWY, HERMITAGE, TN, 37076
INFO:root:6TH AVE & JAMES ROBERTSON PKWY, NASHVILLE, TN, 37219
INFO:root:40TH AVE N & I 40 W, NASHVILLE, TN, 37208
INFO:root:2809 GALLATIN PIKE, NASHVILLE, TN, 37216
INFO:root:ROSEDALE AVE & ROSEHAVEN DR, , TN, 37211
INFO:root:1827 16TH AVE, NASHVILLE, TN, 37208
INFO:root:3780 NOLENSVILLE PIKE, NASHVILLE, TN, 37211
INFO:root:BROOKSIDE CT & WHITE BRIDGE PIKE, NASHVILLE, TN, 37209
INFO:root:2816 BUENA VISTA, , TN,
INFO:root:DICKERSON PIKE & I65 S ENTRY, MADISON, TN, 37115
ERROR:root:DICKERSON PIKE & I65 S ENTRY, MADISON, TN, 37115
INFO:root:2612 GALLATIN PIKE, , TN, 37216
INFO:root:1402 10TH AVE, NASHVILLE, TN, 37208
INFO:root:105 HOLT BR, NASHVILLE, TN, 37211
INFO:root:COLEY DAVIS RD & SOMERSET FARMS DR, NASHVILLE, TN, 37221
INFO:root:16TH AVE N & BUCHANAN ST, NASHVILLE, TN, 37208
INFO:root:PETTUS RD & PRESTON RD, NASHVILLE, TN, 37201
INFO:root:W LINDEN AVE & 25TH AVE, , TN, 37212
INFO:root:1200 OLD HICKORY BLVD, NASHVILLE, TN, 37207
INFO:root:CAPITOL ST & CHURCH ST, OLD HICKORY, TN, 37138
INFO:root:BRADFORD HILLS DR & FALLVIEW TRL, , TN, 37211
INFO:root:CARRINGTON PL & EATONS CREEK RD, , TN, 37218
INFO:root:HOMELAND DR & STEVENS LN, , TN, 37218
INFO:root:ELLINGTON PKWY, EAST, TN, 37115
INFO:root:HOBSON PK, , TN,
INFO:root:I 24  W, , TN, 37210
INFO:root:3025 LEBANON PIKE, NASHVILLE, TN, 37214
INFO:root:1150 ANTIOCH PIKE, NASHVILLE, TN, 37211
INFO:root:3410 WEST END AVE, NASHVILLE, TN, 37203
INFO:root:PARK CIR & PITTS AVE, , TN, 37138
INFO:root:1618 HILLSIDE AVE, NASHVILLE, TN, 37203
INFO:root:N GRAYCROFT AVE & N MARTHONA RD, MADISON, TN, 37115
INFO:root:5126 CLARKSVILLE PIKE, NASHVILLE, TN, 37218
INFO:root:DIVISION ST & MAGAZINE ST, NASHVILLE, TN, 37203
INFO:root:1305 ROSEDALE AVE, NASHVILLE, TN, 37207
INFO:root:15354 OLD HICKORY BLVD, NASHVILLE, TN, 37211
INFO:root:17TH AVE & PEARL ST, NASHVILLE, TN, 37203
INFO:root:MM 214 2 I40 W, NASHVILLE, TN, 37210
ERROR:root:MM 214 2 I40 W, NASHVILLE, TN, 37210
INFO:root:26TH AVE S & FAIRFAX AVE, NASHVILLE, TN, 37212
INFO:root:115 ORIEL AVE, NASHVILLE, TN, 37210
INFO:root:2501 W HEIMAN ST, NASHVILLE, TN, 37208
INFO:root:BELL RD & NASHBORO BLVD, NASHVILLE, TN, 37217
INFO:root:532 SYLVAN ST, NASHVILLE, TN, 37206
INFO:root:WEST END AND ACKLEN PARK, NASHVILLE, TN,
INFO:root:2745 LEBANON PIKE, NASHVILLE, TN, 37214
INFO:root:2711 FRANKLIN PIKE, NASHVILLE, TN, 37204
INFO:root:S 12TH ST & HOLLY ST, NASHVILLE, , 37206
INFO:root:915 GLENDALE LN, NASHVILLE, TN, 37204
INFO:root:EDWARD VII AVE & LONDON BRIDGE RD, MADISON, , 37115
INFO:root:1086 N GALLATIN PIKE, , TN, 37115
INFO:root:313 LUTIE ST, NASHVILLE, TN, 37210
INFO:root:21ST AVE N & MURPHY AVE, NASHVILLE, TN, 37203
INFO:root:FAIRVIEW DR & TIMOTHY DR, NASHVILLE, TN, 37218
INFO:root:HUNTWICK TRL & HWY 70, , , 37221
INFO:root:GALLATIN PKE, , TN,
INFO:root:3859 HUTSON AVE, NASHVILLE, TN, 37216
INFO:root:705 CLEVELAND ST, , TN, 37206
INFO:root:CROCKER SPRINGS RD, , TN, 37189
INFO:root:125 DONELSON PIKE, , TN, 37214
INFO:root:1260 HILLSIDE AVE, NASHVILLE, TN, 37203
INFO:root:208 OLD HICKORY BLVD W, MADISON, TN, 37115
INFO:root:N 2ND ST & BERRY ST, NASHVILLE, TN, 37207
INFO:root:1639 16TH AVE S, , TN, 37212
INFO:root:ELLISTON AV, , TN,
INFO:root:HICKS RD, WEST, TN, 37221
INFO:root:8TH AVE & BASS ST, , TN, 37203
INFO:root:COMMERCE ST, CENTRAL, TN, 37203
INFO:root:E IRIS DR & THOMPSON LN, NASHVILLE, TN, 37204
INFO:root:920 N 2ND ST, NASHVILLE, TN, 37207
INFO:root:1187 SIOUX TER, MADISON, TN, 37115
INFO:root:1311 MURFREESBORO PIKE, , TN, 37217
INFO:root:MM 13 6 BRILEY E, NASHVILLE, TN, 37214
ERROR:root:MM 13 6 BRILEY E, NASHVILLE, TN, 37214
INFO:root:BARELLA DR & TUSCARORA DR, ANTIOCH, TN, 37013
INFO:root:I65 N ENTRY & W TRINITY LN, NASHVILLE, TN, 37207
ERROR:root:I65 N ENTRY & W TRINITY LN, NASHVILLE, TN, 37207
INFO:root:121 HICKORY TRACE DR, NASHVILLE, TN, 37211
INFO:root:2308 EASTLAND AVE, NASHVILLE, TN, 37206
INFO:root:3863 DICKERSON PIKE, MADISON, TN, 37115
INFO:root:204 MCKENNELL DR, NASHVILLE, TN, 37206
INFO:root:GRANNY WHITE PIKE & SHACKLEFORD RD, NASHVILLE, , 37215
INFO:root:2900 MCGAVOCK PIKE, NASHVILLE, TN, 37214
INFO:root:23RD AV N&ST LOUIS ST , , TN,
ERROR:root:23RD AV N&ST LOUIS ST , , TN,
INFO:root:2505 21ST AVE, NASHVILLE, TN, 37212
INFO:root:NOLENSVILLE PIKE & SWISS AVE, ANTIOCH, TN, 37013
INFO:root:926 W TRINITY LN, NASHVILLE, TN, 37207
INFO:root:479 ANNEX AVE, NASH, TN, 37209
INFO:root:646 ANNEX AVE, , TN, 37209
INFO:root:4773 APOLLO DR, ANTIOCH, TN, 37013
INFO:root:LEBANON PIKE, HERMITAGE, TN, 37210
INFO:root:3308 LEBANON PIKE, HERMITAGE, TN, 37076
INFO:root:MEADOWGREEN DR & SWEETWATER CIR, , TN, 37076
INFO:root:402 S 11TH ST, NASHVILLE, TN, 37206
INFO:root:8TH AVE, CENTRAL, TN, 37203
INFO:root:407 DUE WEST AVE W, MADISON, TN, 37115
INFO:root:1808 NEAL TER, NASHVILLE, TN, 37203
INFO:root:BELMONT BLVD & SHACKLEFORD RD, NASHVILLE, TN, 37215
INFO:root:SPRING ST, NASHVILLE, TN,
INFO:root:1905 MERIDIAN ST, NASHVILLE, TN, 37207
INFO:root:2819 NOLENSVILLE PIKE, NASHVILLE, TN, 37211
INFO:root:300 BONNALYNN DR, HERMITAGE, TN, 37076
INFO:root:4517 GRANNY WHITE PIKE, NASHVILLE, TN, 37215
INFO:root:FESSLERS LN & I40 W ENTRY, NASHVILLE, TN, 37210
ERROR:root:FESSLERS LN & I40 W ENTRY, NASHVILLE, TN, 37210
INFO:root:1300 15TH AVE, NASHVILLE, TN, 37212
INFO:root:14TH AVE N & GRUNDY ST, NASHVILLE, TN, 37203
INFO:root:817 N 2ND ST, NASHVILLE, TN, 37207
INFO:root:2806 GALLATIN PIKE, NASHVILLE, TN, 37216
INFO:root:720 S 8TH ST, NASHVILLE, TN, 37206
INFO:root:ELM HILL PIKE & SANBORN DR, NASHVILLE, TN, 37210
INFO:root:HOGGETT FORD RD & RIVERBIRCH WAY, , TN, 37076
INFO:root:1505 MONTGOMERY AVE, NASHVILLE, TN, 37207
INFO:root:836 N 2ND ST, NASHVILLE, TN, 37207
INFO:root:837 WALNUT ST, AM QUI, TN, 37115
INFO:root:MCARTHUR DR & N DUPONT AVE, MADISON, , 37115
INFO:root:ELBERTA ST, WOODBINE, TN, 37210
INFO:root:6500 OLD HICKORY BLVD, , TN, 37189
INFO:root:4852 LICKTON PIKE, , TN, 37189
INFO:root:5715 ROBERTSON AVE, , TN, 37209
INFO:root:N 16TH ST & CHESTER AVE, NASHVILLE, TN, 37206
INFO:root:5213 PENNSYLVANIA AVE, NASHVILLE, TN, 37209
INFO:root:1038 43RD AVE N, NASHVILLE, TN, 37209
INFO:root:BREWER, , TN,
INFO:root:1ST AVE & UNION ST, NASHVILLE, TN, 37201
INFO:root:26TH AVE N & SANTI AVE, NASHVILLE, TN, 37208
INFO:root:21ST AVE S & PIERCE AVE, NASHVILLE, TN, 37240
INFO:root:1251 ANTIOCH PIKE, NASHVILLE, TN, 37211
INFO:root:I 40  W, NORTH, TN, 37208
INFO:root:28TH AVE N & FELICIA ST, NASHVILLE, , 37209
INFO:root:LOOBY CIR & OWEN ST, NASHVILLE, TN, 37208
INFO:root:LAVERGNE COUCHVILLE PIKE & MAXWELL RD, , TN, 37013
INFO:root:35TH AVE, WEST, TN, 37209
INFO:root:WHITSETT RD, , TN, 37210
INFO:root:4211 CHARLOTTE AVE, NASHVILLE, TN, 37209
INFO:root:4502 TENNESSEE AVE, NASHVILLE, TN, 37209
INFO:root:2506 DELK AVE, NASHVILLE, TN, 37208
INFO:root:BILTMORE DR, , TN, 37204
INFO:root:208 FESSLERS LN, NASHVILLE, TN, 37210
INFO:root:921 MAIN ST, NASHVILLE, TN, 37206
INFO:root:BRITTANY DR & CHAPMAN DR, , TN, 37206
INFO:root:5227 RICE RD, ANTIOCH, TN, 37013
INFO:root:22ND AV N, , TN,
INFO:root:CALDWELL LN & GENERAL BATE DR, NASHVILLE, TN, 37204
INFO:root:2203 14TH AVE N, NASHVILLE, TN, 37208
INFO:root:HICKORY PLZ & HICKORYVIEW DR, NASHVILLE, TN, 37211
INFO:root:CLIFTON AVE, NORTH, TN, 37209
INFO:root:PACKARD DR & STRASSER DR, NASHVILLE, TN, 37211
INFO:root:HERMITAGE AVE & I 40 ENTRY E, NASHVILLE, TN, 37210
ERROR:root:HERMITAGE AVE & I 40 ENTRY E, NASHVILLE, TN, 37210
INFO:root:MM 88 I65 N, , TN,
INFO:root:311 NATCHEZ CT, NASHVILLE, TN, 37211
INFO:root:226 LARKIN SPRINGS RD, MADISON, TN, 37115
INFO:root:200 MYATT DR, MADISON, TN, 37115
INFO:root:955 WOODLAND ST, NASHVILLE, TN, 37206
INFO:root:2811 LEBANON PIKE, , TN, 37214
INFO:root:3636 BELL RD, NASHVILLE, TN, 37214
INFO:root:DICKERSON PIKE & LUCILE ST, NASHVILLE, TN, 37207
INFO:root:138 EWING DR, NASHVILLE, TN, 37207
INFO:root:701 BROADWAY, NASHVILLE, TN, 37203
INFO:root:DALE AVE & GLENDALE LN, NASHVILLE, TN, 37204
INFO:root:GREENWOOD AVE & MATTHEWS PL, NASHVILLE, TN, 37206
INFO:root:34TH AVE N & CLARE AVE, NASHVILLE, TN, 37209
INFO:root:5701 CENTENNIAL BLVD, NASHVILLE, TN, 37209
INFO:root:MELROSE AVE & WINFORD AVE, NASHVILLE, TN, 37211
INFO:root:PICCADILLY ROW & UNA ANTIOCH PIKE, ANTIOCH, TN, 37013
INFO:root:1212 11TH AVE, NASHVILLE, TN, 37203
INFO:root:1800 E BELMONT CIR, , TN, 37212
INFO:root:905 GALE LN, NASHVILLE, TN, 37204
INFO:root:16TH AVE & CHURCH STREET ALY, , TN, 37203
INFO:root:24TH AVE N & SIMPKINS ST, NASHVILLE, TN, 37208
INFO:root:3006 AMBROSE AVE, NASHVILLE, TN, 37216
INFO:root:CANE RIDGE RD & OLD HICKORY BLVD, ANTIOCH, TN, 37013
INFO:root:21ST AVE & SWEETBRIAR AVE, NASHVILLE, TN, 37212
INFO:root:4508 PACKARD DR, NASHVILLE, TN, 37211
INFO:root:SPRING ST, , TN,
INFO:root:108 DAVIDSON RD, , TN, 37205
INFO:root:2924 MURFREESBORO PIKE, , TN, 37013
INFO:root:DRAUGHON AVE & GRANNY WHITE PIKE, NASHVILLE, TN, 37215
INFO:root:REMMINGTON TRC & STREAMFIELD PASS, , TN, 37013
ERROR:root:REMMINGTON TRC & STREAMFIELD PASS, , TN, 37013
INFO:root:MM 57 2 I24 W, ANTIOCH, TN, 37013
ERROR:root:MM 57 2 I24 W, ANTIOCH, TN, 37013
INFO:root:19TH AVE N & WARNER ST, NASHVILLE, TN, 37203
INFO:root:2313 ANTIOCH PIKE, , TN, 37013
INFO:root:DOMINICAN DR & ROSA L PARKS BLVD, NASHVILLE, TN, 37208
INFO:root:2491 MURFREESBORO PIKE, ANTIOCH, TN, 37013
INFO:root:1136 BELL RD, ANTIOCH, TN, 37013
INFO:root:5845 NOLENSVILLE PIKE, NASHVILLE, TN, 37211
INFO:root:328 ANTIOCH PIKE, NASHVILLE, TN, 37211
INFO:root:FRANKFORT DR & PHOENIX DR, , TN, 37076
INFO:root:627 N GALLATIN PIKE, MADISON, TN, 37115
INFO:root:564 CASTLEGATE DR, NASHVILLE, TN, 37217
INFO:root:43RD AVE N & IDAHO AVE, NASHVILLE, TN, 37209
INFO:root:1037 SHARPE AVE, NASHVILLE, TN, 37206
INFO:root:ASHLAND CITY, , TN,
INFO:root:4010 LEBANON PIKE, HERMITAGE, TN, 37076
INFO:root:KOTHE CT & KOTHE WAY, ANTIOCH, TN, 37013
INFO:root:CHURCH, NASHVILLE, TN,
INFO:root:KINWOOD DR, PRIEST LAKE, TN, 37013
INFO:root:2136 BRANSFORD AVE, NASHVILLE, TN, 37204
INFO:root:520 OLD HICKORY BLVD, NASHVILLE, TN, 37205
INFO:root:3RD AVE N & CHARLOTTE AVE, , TN, 37201
INFO:root:BELMONT BLVD & LINDEN AVE, NASHVILLE, TN, 37212
INFO:root:GRANNY WHITE PIKE, NASHVILLE, TN, 37215
INFO:root:3608 CLIFTON AVE, NASHVILLE, TN, 37209
INFO:root:1323 HOLLY ST, NASHVILLE, TN, 37206
INFO:root:1 65 S, , TN,
INFO:root:NORTHVIEW AVE & OTAY ST, NASHVILLE, TN, 37216
INFO:root:228 HICKORY HOLLOW PL, ANTIOCH, TN, 37013
INFO:root:TARA DR & TYNE BLVD, NASHVILLE, TN, 37215
INFO:root:800 MADISON BLVD, MADISON, TN, 37115
INFO:root:I 40 E & E ENT RAMP, , TN, 37076
INFO:root:OAK ST, SOUTH, TN, 37203
INFO:root:24TH AVE & HERMAN ST, NASHVILLE, TN, 37208
INFO:root:1031 43RD AVE N, NASHVILLE, , 37209
INFO:root:1109 GREENLAND AVE, NASHVILLE, TN, 37216
INFO:root:3238 MOOREWOOD DR, NASHVILLE, TN, 37207
INFO:root:3827 EAST RIDGE DR, , TN,
INFO:root:505 HEARTHSTONE CIR, BRENTWOOD, TN, 37027
INFO:root:ALBERT CT & ALBERT DR, , TN, 37204
INFO:root:100 RANDY RD, MADISON, TN, 37115
INFO:root:5507 LOUISIANA AVE, NASHVILLE, TN, 37209
INFO:root:I-24E MM56, , TN,
ERROR:root:I-24E MM56, , TN,
INFO:root:6610 CHARLOTTE PIKE, , TN, 37209
INFO:root:2500 CRAIG AVE, NASHVILLE, TN, 37204
INFO:root:2400 PATTERSON ST, NASHVILLE, TN, 37203
INFO:root:22ND AVE N & CHURCH ST, , TN, 37203
INFO:root:STONEWAY TRL & WHITE BRIDGE PIKE, NASHVILLE, TN, 37209
INFO:root:2ND AVE & MILDRED SHUTE AVE, NASHVILLE, , 37210
INFO:root:CHARLOTTE AVE & I 440 W, NASHVILLE, TN, 37209
INFO:root:1727 KNOWLES ST, NASHVILLE, TN, 37208
INFO:root:1005 STOCKELL ST, NASHVILLE, TN, 37207
INFO:root:ARCHWOOD DR & HWY 45, MADISON, TN, 37115
INFO:root:2926 ANDERSON RD, NASHVILLE, TN, 37217
INFO:root:3038 DICKERSON PIKE, , TN, 37207
INFO:root:19TH AVE S & CAPERS AVE, NASHVILLE, , 37212
INFO:root:11TH AVE, CENTRAL, TN, 37203
INFO:root:HAYSBORO AVE & RUSKIN AVE, , TN, 37216
INFO:root:928 RICHARDS RD, ANTIOCH, TN, 37013
INFO:root:7TH AVE & MCGAVOCK ST, NASHVILLE, TN, 37203
INFO:root:714 STEWARTS FERRY PIKE, NASHVILLE, TN, 37214
INFO:root:S 6TH ST & CRUTCHER ST, NASHVILLE, TN, 37206
INFO:root:6227 ROBERTSON AVE, NASHVILLE, TN, 37209
INFO:root:969 S GALLATIN PIKE, MADISON, TN, 37115
INFO:root:811 BROOK HOLLOW RD, , TN, 37205
INFO:root:7301 OLD HARDING PIKE, NASHVILLE, TN, 37221
INFO:root:4820 FRANKLIN PIKE, NASHVILLE, TN, 37220
INFO:root:1817 BROADWAY, NASHVILLE, TN, 37203
INFO:root:1005 DICKERSON, , TN,
INFO:root:PIONEER LN, NASHVILLE, TN, 37206
INFO:root:LAFAYETTE ST & UNIVERSITY CT, NASHVILLE, TN, 37210
INFO:root:HOBSON PIKE & WALKER RD, HERMITAGE, TN, 37076
INFO:root:I 40 E & 40TH AVE, NASHVILLE, TN, 37209
INFO:root:3109 DICKERSON PIKE, NASHVILLE, TN, 37207
INFO:root:MACFIE DR & N GRAYCROFT AVE, , TN, 37115
INFO:root:5910 CHARLOTTE PIKE, , TN, 37209
INFO:root:COWAN ST & VASHTI ST, NASHVILLE, TN, 37207
INFO:root:DELVIN DR, , TN, 37211
INFO:root:2749 SMITH SPRINGS RD, , TN, 37217
INFO:root:1526 DELTA AVE, NASHVILLE, TN, 37208
INFO:root:2110 GREEN HILLS VLG, NASHVILLE, TN, 37215
INFO:root:3939 CENTRAL PIKE, HERMITAGE, TN, 37076
INFO:root:178 THOMPSON LN, NASHVILLE, TN, 37211
INFO:root:BELL RD & BENZING RD, NASHVILLE, TN, 37211
INFO:root:609 HARDING PL, NASH, TN, 37211
INFO:root:145 EAST CT, GOODLETTSVILLE, TN, 37072
INFO:root:345 DELLWAY VILLA, NASHVILLE, TN, 37213
INFO:root:4020 NOLENSVILLE PIKE, NASHVILLE, TN, 37211
INFO:root:712 51ST AVE N, NASHVILLE, TN, 37209
INFO:root:3205 NOLENSVILLE PIKE, NASHVILLE, TN, 37211
INFO:root:304 PARAGON MILLS RD, NASHVILLE, TN, 37211
INFO:root:9137 SAWYER BROWN RD, NASHVILLE, TN, 37221
INFO:root:5313 ELKINS AVE, NASHVILLE, TN, 37209
INFO:root:2506 GALLATIN AVE, NASHVILLE, TN, 37206
INFO:root:220 WHITNEY PARK DR, NASHVILLE, TN, 37207
INFO:root:2822 BRICK CHURCH PIKE, NASHVILLE, TN, 37207
INFO:root:404 TYLER DR, HERMITAGE, TN, 37076
INFO:root:952 MAIN ST, NASHVILLE, TN, 37206
INFO:root:KENNEDY AVE & MCALPINE AVE, NASHVILLE, , 37216
INFO:root:6815 FLEETWOOD DR, NASH, TN, 37205
INFO:root:309 BELLSHIRE TERRACE CT, NASHVILLE, TN, 37207
INFO:root:NEELYS BEND RD & NIX PASS, MADISON, TN, 37115
INFO:root:1006 S GALLATIN PIKE, MADISON, TN, 37115
INFO:root:6TH AVE N & COMMERCE ST, NASHVILLE, TN, 37203
INFO:root:715 GALLATIN AVE, NASHVILLE, TN, 37206
INFO:root:DONELSON AND EMERY DR, NASHVILLE, TN,
INFO:root:BRILEY, NASH, TN,
INFO:root:S 17TH ST & RUSSELL ST, NASHVILLE, TN, 37206
INFO:root:CLARKSVILLE PIKE & DOUGLAS RD, , TN, 37080
INFO:root:3858 CROUCH DR, NASHVILLE, TN, 37207
INFO:root:1216 GALLATIN AVE, NASHVILLE, TN, 37206
INFO:root:10TH AND MORTROSE, NASHVILLE, TN,
INFO:root:5189 LINBAR DR, NASHVILLE, TN, 37211
INFO:root:2301 BRANSFORD AVE, NASHVILLE, TN, 37203
INFO:root:213 S GRAYCROFT AVE, MADISON, TN, 37115
INFO:root:CATINA DR & GOODBAR DR, NASHVILLE, TN, 37217
INFO:root:MM 86 I65 S , NASHVILLE, TN,
INFO:root:ANTIOCH PIKE & CHEROKEE CT, NASHVILLE, TN, 37211
INFO:root:DIVISION ST & MUSIC SQ W, NASHVILLE, , 37203
INFO:root:BRIDGEPORT DR & RIVERVALLEY DR, , TN, 37221
INFO:root:COWDEN AVE & MARCIA AVE, , TN, 37209
INFO:root:MURFREESBORO RD, , TN,
INFO:root:14TH AVENUE SOUTH, , TN,
INFO:root:4107 ORIOLE PL, , TN, 37215
INFO:root:39TH AVE N & MURPHY RD, NASHVILLE, , 37209
INFO:root:3340 HAWKWOOD LN, NASHVILLE, TN, 37207
INFO:root:I40 W EXIT & BRILEY PKWY N, NASHVILLE, TN, 37214
INFO:root:21ST AVE AND VANDERWOOD, NASHVILLE, TN,
ERROR:root:21ST AVE AND VANDERWOOD, NASHVILLE, TN,
INFO:root:N 16TH ST & CAHAL AVE, NASHVILLE, TN, 37206
INFO:root:ELLINGTON PKWY RAMP, NASHVILLE, TN, 37206
ERROR:root:ELLINGTON PKWY RAMP, NASHVILLE, TN, 37206
INFO:root:HERMITAGE PARK DR & OLD HICKORY BLVD, HERMITAGE, TN, 37076
INFO:root:21ST AV S, NASHVILLE, TN, 37215
INFO:root:PIERCE RD, MADISON, TN, 37115
INFO:root:1620 23RD AVE N, NASHVILLE, TN, 37208
INFO:root:1615 12TH AVE, , TN, 37208
INFO:root:360 MURFREESBORO PIKE, NASHVILLE, TN, 37210
INFO:root:BONNACREEK DR & PLANTATION DR, HERMITAGE, , 37076
INFO:root:208 LARKIN SPRINGS RD, MADISON, TN, 37115
INFO:root:MM 221 0 I40 E, HERMITAGE, TN, 37076
ERROR:root:MM 221 0 I40 E, HERMITAGE, TN, 37076
INFO:root:6TH AVE S & LAFAYETTE ST, NASHVILLE, TN, 37203
INFO:root:OLD HICKORY BLVD & OLD LEBANON DIRT RD, HERMITAGE, TN, 37076
INFO:root:9203 SAWYER BROWN RD, , TN, 37221
INFO:root:3705 BRICKMONT DR, NASHVILLE, TN, 37207
INFO:root:BRILEY PKWY S & ELM HILL PIKE, NASHVILLE, TN, 37210
INFO:root:858 W TRINITY LN, NASHVILLE, TN, 37207
INFO:root:I 24  W, BAKERTOWN, TN, 37211
INFO:root:I 65 N & COWAN ST, , TN, 37207
INFO:root:934 JEFFERSON ST, NASHVILLE, TN, 37208
INFO:root:1015 MURFREESBORO PIKE, , TN, 37217
INFO:root:LUTIE ST, , TN, 37210
INFO:root:107 W TRINITY LN, NASHVILLE, TN, 37207
INFO:root:708 THOMPSON LN, NASHVILLE, TN, 37204
INFO:root:MM 74 4 I65 S, NASHVILLE, TN, 37220
ERROR:root:MM 74 4 I65 S, NASHVILLE, TN, 37220
INFO:root:2520 WEST END AVE, NASHVILLE, TN, 37212
INFO:root:623 SYLVAN ST, NASHVILLE, TN, 37206
INFO:root:N GALLATIN PIKE, MADISON, TN, 37115
INFO:root:HACKWORTH ST & POLK AVE, NASHVILLE, TN, 37210
INFO:root:DONELSON AVE & ELLISTON ST, OLD HICKORY, TN, 37138
INFO:root:HERITAGE DR, , TN,
INFO:root:LEESHAN CT & TUSCULUM RD, ANTIOCH, TN, 37013
INFO:root:BERKSHIRE DR & STRATFORD AVE, NASHVILLE, TN, 37216
INFO:root:CHAPMAN DR & NEWHALL DR, NASHVILLE, TN, 37206
INFO:root:0 BROADMOOR DR, , TN, 37216
INFO:root:PANAMINT, , TN,
INFO:root:1-40 WB, , TN,
INFO:root:ALBEE DR & DODSON CHAPEL RD, HERMITAGE, TN, 37076
INFO:root:21ST AVE S, BELMONT, TN, 37212
INFO:root:BARTON VALE DR & OLD HICKORY BLVD, NASHVILLE, TN, 37211
INFO:root:CELEBRATION WAY & WYNFIELD CT, , TN, 37211
INFO:root:RIVER PLANTATION PVT DR & SAWY, , TN,
ERROR:root:RIVER PLANTATION PVT DR & SAWY, , TN,
INFO:root:1454 COUNTY HOSPITAL RD, NASHVILLE, TN, 37218
INFO:root:5900 OBRIEN AVE, NASHVILLE, TN, 37209
INFO:root:3333 OLD FRANKLIN RD, ANTIOCH, TN, 37013
INFO:root:6705 CHARLOTTE PIKE, NASHVILLE, TN, 37205
INFO:root:402 NEILL AVE, , TN, 37206
INFO:root:15000 OLD HICKORY BLVD, NASHVILLE, TN, 37211
INFO:root:CALDWELL LN & GRANNY WHITE PIKE, NASHVILLE, TN, 37204
INFO:root:W. EASTLAND, , TN,
INFO:root:ALMOND ST, CENTRAL, TN, 37201
ERROR:root:ALMOND ST, CENTRAL, TN, 37201
INFO:root:2422 FOSTER AVE, NASHVILLE, TN, 37210
INFO:root:434 ANNEX AVE, NASHVILLE, TN, 37209
INFO:root:4666 CLARKSVILLE PIKE, , TN, 37218
INFO:root:3916 LLOYD RD, WHITES CREEK, TN, 37189
INFO:root:2437 BRANCH ST, NASHVILLE, TN, 37216
INFO:root:TWO RIVERS PARKWAY, , TN,
INFO:root:504 HARDING PL, NASHVILLE, TN, 37211
INFO:root:1706 COUNTY HOSPITAL RD, NASHVILLE, TN, 37218
INFO:root:CALISTOGA WAY & CHARBAY CIR, ANTIOCH, TN, 37013
INFO:root:1063 E TRINITY LN, NASHVILLE, TN, 37216
INFO:root:1356 N 14TH ST, NASHVILLE, TN, 37206
INFO:root:583 DONELSON PIKE, NASHVILLE, TN, 37214
INFO:root:1633 CHURCH ST, NASHVILLE, TN, 37203
INFO:root:BROAWAY, , TN,
INFO:root:614 GARFIELD ST, NASHVILLE, TN, 37208
INFO:root:2527 HIGHLAND TRACE DR, NASHVILLE, TN, 37207
INFO:root:1375 HILLSIDE AVE, NASHVILLE, TN, 37203
INFO:root:ROSAL PARKS, , TN,
INFO:root:1610 LEBANON PIKE, , TN, 37210
INFO:root:GALLATIN PK, , TN,
INFO:root:2601 SCOVEL ST, NASHVILLE, TN, 37208
INFO:root:8902 SAWYER BROWN RD, NASHVILLE, TN, 37221
INFO:root:SCHRADER LANE, , TN,
INFO:root:17TH AVE N & PEARL ST, NASHVILLE, TN, 37203
INFO:root:571 STEVENSON ST, NASHVILLE, TN, 37209
INFO:root:893 MURFREESBORO PIKE, NASHVILLE, TN, 37217
INFO:root:MERIDIAN CT & MERIDIAN ST, NASHVILLE, TN, 37207
INFO:root:PINEORCHARD PL & SUMMERCREST BLVD, ANTIOCH, TN, 37013
INFO:root:2021 CLARKSVILLE PIKE, NASHVILLE, TN, 37208
INFO:root:HARDISON ST & POWELL AVE, , TN, 37204
INFO:root:505 MYATT DR, MADISON, TN, 37115
INFO:root:673 DEW ST, NASHVILLE, TN, 37206
INFO:root:6510 PREMIER DR, NASHVILLE, TN, 37209
INFO:root:LENOX AV, , TN,
INFO:root:12TH ST & HADLEY AVE, OLD HICKORY, TN, 37138
INFO:root:GRANNY WHITE CT & GRANNY WHITE PIKE, NASHVILLE, , 37204
INFO:root:ANDERSON RD & OAK TREES CT, NASHVILLE, TN, 37217
INFO:root:2101 UNA ANTIOCH PIKE, , TN, 37013
INFO:root:2615 PINE RIDGE DR, NASHVILLE, TN, 37207
INFO:root:200 CHESAPEAKE PL, NASHVILLE, TN, 37207
INFO:root:2604 GALLATIN PIKE, NASHVILLE, TN, 37216
INFO:root:1018 N 6TH ST, NASHVILLE, TN, 37207
INFO:root:1000 JEFFERSON ST, NASHVILLE, TN, 37208
INFO:root:3926 DODSON CHAPEL RD, , TN, 37076
INFO:root:3556 ALBEE DR, HERMITAGE, TN, 37076
INFO:root:609 NAPOLEON AVE, NASHVILLE, TN, 37211
INFO:root:1265 14TH AVE S, , TN, 37212
INFO:root:114 ELBERTA ST, NASHVILLE, TN, 37210
INFO:root:1713 LUTON ST, NASHVILLE, TN, 37207
INFO:root:3902 MURPHY RD, NASHVILLE, TN, 37209
INFO:root:RIVER RIDGE DR & ROLLING RIVER PKWY, NASHVILLE, TN, 37221
INFO:root:TRINITY LN, , TN, 37207
INFO:root:365 ROLLING MILL RD, OLD HICKORY, TN, 37138
INFO:root:ROBERT YOEST DR & TUSCULUM RD, ANTIOCH, TN, 37013
INFO:root:LINBAR DR & PARAGON MILLS RD, NASHVILLE, TN, 37211
INFO:root:2717 MURFREESBORO PIKE, ANTIOCH, TN, 37013
INFO:root:4536 NOLENSVILLE PIKE, NASHVILLE, TN, 37211
INFO:root:JEFFERSON, , TN,
INFO:root:500 MURFREESBORO PIKE, NASHVILLE, TN, 37210
INFO:root:14TH AVE & TREMONT ST, NASHVILLE, TN, 37212
INFO:root:583 ROYAL PKWY, NASHVILLE, TN, 37214
INFO:root:BRANSFORD AVE & CRAIGHEAD ST, NASHVILLE, TN, 37203
INFO:root:4708 MICHIGAN AVE, NASHVILLE, TN, 37209
INFO:root:I-65N / JEFFERSON ST, NASHVILLE, TN, 37298
INFO:root:527 DR D B TODD JR BLVD, NASHVILLE, TN, 37203
INFO:root:DANBY DR & EDGEVIEW DR, NASHVILLE, TN, 37211
INFO:root:1207 W TRINITY LN, , TN, 37218
INFO:root:5170 HICKORY HOLLOW PKWY, ANTIOCH, TN, 37013
INFO:root:1603 23RD AVE, NASHVILLE, TN, 37208
INFO:root:510 OLD HICKORY BLVD, WEST, TN, 37209
INFO:root:69 GLENROSE AVE, NASHVILLE, TN, 37210
INFO:root:1712 UNDERWOOD ST, NASHVILLE, TN, 37208
INFO:root:648 S 7TH ST, NASHVILLE, TN, 37206
INFO:root:DONNA HILL DR & MELBOURNE DR, , TN, 37214
INFO:root:10TH AVE N & RV DR ENOCH JONES BV, , TN, 37208
INFO:root:4082 ANDREW JACKSON WAY, , TN, 37076
INFO:root:34 E THOMPSON LN, NASHVILLE, TN, 37210
INFO:root:1370 GEN GEORGE PATTON RD, , TN, 37221
INFO:root:ASHLAND CITY HWY & OLD HYDES FERRY PIKE, NASHVILLE, TN, 37218
INFO:root:3309 AUSTIN LA, NORTH, TN, 37207
INFO:root:32ND AVE & ALAMEDA ST, NASHVILLE, TN, 37209
INFO:root:3060 RICHMOND HILL DR, NASHVILLE, TN, 37207
INFO:root:4416 ANDREW JACKSON PKWY, HERMITAGE, TN, 37076
INFO:root:4008 BRUSH HILL RD, NASHVILLE, TN, 37216
INFO:root:12TH AVE & I 40 W, NASHVILLE, TN, 37203
INFO:root:1059 N DUPONT AVE, MADISON, TN, 37115
INFO:root:CHURCH ST & GEORGE L DAVIS BLVD, NASHVILLE, TN, 37203
INFO:root:9TH AVE & GARFIELD ST, NASHVILLE, , 37208
INFO:root:EASTLAND AVE, , TN, 37206
INFO:root:4601 ALABAMA AVE, NASHVILLE, TN, 37209
INFO:root:I 40E MM 193, , TN,
INFO:root:3556 CRESTRIDGE DR, NASHVILLE, TN, 37204
INFO:root:5612 ROBERTSON AVE, , TN, 37209
INFO:root:2302 EASTLAND AVE, NASHVILLE, TN, 37206
INFO:root:BIG HORN DR, HERMITAGE, TN, 37076
INFO:root:CHARLOTTE PIKE, , TN,
INFO:root:340 EWING DR, NASHVILLE, TN, 37207
INFO:root:413 RANDY RD, MADISON, TN, 37115
INFO:root:11TH AVE S & HORTON AVE, NASHVILLE, TN, 37203
INFO:root:KATHERINE ST & SHELTON AVE, , TN, 37216
INFO:root:7357 HWY 70 S, , TN, 37221
INFO:root:2334 SMITH SPRINGS RD, NASHVILLE, TN, 37217
INFO:root:I 40 W & 28TH AVE N, NASHVILLE, TN, 37209
INFO:root:HILLVIEW HTS & KNOWLES AVE, NASHVILLE, TN, 37204
INFO:root:MY VIEW RD, , TN,
INFO:root:1254 S GALLATIN PIKE, MADISON, TN, 37115
INFO:root:37TH AVE N & JOHN L DRIVER BLVD, NASHVILLE, TN, 37209
INFO:root:2300 ATRIUM WAY, , TN, 37214
INFO:root:ROSA L PARKS , NASHVILLE, NA,
INFO:root:KEELEY DR & PACKARD DR, ANTIOCH, TN, 37013
INFO:root:1248 S GALLATIN PIKE, MADISON, TN, 37115
INFO:root:POWELL AVE & POWELL PL, NASHVILLE, TN, 37204
INFO:root:440 OWENDALE DR, , TN, 37217
INFO:root:443 HENEY DR, NASHVILLE, TN, 37214
INFO:root:4989 EDMONDSON PIKE, NASHVILLE, TN, 37211
INFO:root:1120 CHEYENNE BLVD, MADISON, TN, 37115
INFO:root:630 WHISPERING OAKS PL, NASHVILLE, TN, 37211
INFO:root:MM 95 4 I65 N, GOODLETTSVILLE, TN, 37072
ERROR:root:MM 95 4 I65 N, GOODLETTSVILLE, TN, 37072
INFO:root:445 MYATT DR, MADISON, TN, 37115
INFO:root:3219 CYNTHIA LN, NASHVILLE, TN, 37207
INFO:root:28TH AVE N & DEERFIELD DR, NASHVILLE, TN, 37208
INFO:root:2501 21ST AVE S, NASHVILLE, TN, 37212
INFO:root:PINEWAY DR & WEAVER DR, NASHVILLE, TN, 37217
INFO:root:32ND AVE & JOHN A MERRITT BLVD, NASHVILLE, TN, 37209
INFO:root:BURBANK AVE & ORIEL AVE, NASHVILLE, TN, 37210
INFO:root:592 BELL RD, ANTIOCH, TN, 37013
INFO:root:56 TUSCULUM RD, ANTIOCH, TN, 37013
INFO:root:HICKORY PLZ & OCALA DR, NASHVILLE, TN, 37211
INFO:root:3361 HAMILTON CHURCH RD, , TN, 37013
INFO:root:MM 16 6 BRILEY W, NASHVILLE, TN, 37207
ERROR:root:MM 16 6 BRILEY W, NASHVILLE, TN, 37207
INFO:root:N 6TH ST & CLEVELAND ST, NASHVILLE, TN, 37207
INFO:root:1555 17TH AVE N, , TN, 37208
INFO:root:I 40 E & BRILEY PKWY, NASHVILLE, TN, 37217
INFO:root:BOATNER DR & ROWAN DR, NASHVILLE, TN, 37207
INFO:root:S 5TH ST & FATHERLAND ST, NASHVILLE, TN, 37206
INFO:root:451 MURFREESBORO PIKE, NASHVILLE, TN, 37210
INFO:root:2462 21ST AVE S, , TN, 37212
INFO:root:3265 KNOBVIEW DR, NASHVILLE, TN, 37214
INFO:root:4915 NOLENSVILLE PIKE, , TN, 37211
INFO:root:211 E WEBSTER ST, MADISON, TN, 37115
INFO:root:I 40 EXIT E & JEFFERSON ST, NASHVILLE, TN, 37208
ERROR:root:I 40 EXIT E & JEFFERSON ST, NASHVILLE, TN, 37208
INFO:root:PRESCOTT PL & THOMPSON LN, NASHVILLE, TN, 37210
INFO:root:I-24 E, , TN,
INFO:root:SAWYER BROWN RD, , TN, 37209
INFO:root:THOMPSON , , TN,
INFO:root:OLD HICKORY, HERMITAGE, TN,
INFO:root:DONESON PK, , TN,
INFO:root:268 RICHARDSON AVE, NASHVILLE, TN, 37207
INFO:root:MM192 I40 W, , TN,
ERROR:root:MM192 I40 W, , TN,
INFO:root:3600 PARTHENON AVENUE, N, TN,
INFO:root:2015 WEDGEWOOD AVE, NASHVILLE, TN, 37212
INFO:root:3RD AVE N & HARRISON ST, NASHVILLE, TN, 37201
INFO:root:WATSONWOOD DR & WESTCREST DR, NASHVILLE, TN, 37211
INFO:root:I 440 W, , TN,
INFO:root:206 BONNABROOK DR, HERMITAGE, TN, 37076
INFO:root:511 MORTON AVE, NASHVILLE, TN, 37211
INFO:root:MM 86 2 I65 S, NASHVILLE, TN, 37207
ERROR:root:MM 86 2 I65 S, NASHVILLE, TN, 37207
INFO:root:N GALLATIN PIKE & TWIN HILLS DR, GOODLETTSVILLE, TN, 37072
INFO:root:2807 NOLENSVILLE PIKE, NASHVILLE, TN, 37211
INFO:root:S 10TH ST & CLEARVIEW AVE, NASHVILLE, TN, 37206
INFO:root:6108 BRADFORD HILLS DR, NASHVILLE, TN, 37211
INFO:root:31ST AVE & BELWOOD ST, NASHVILLE, , 37203
INFO:root:E THOMPSON LA & WIMPOLE DR, NASHVILLE, TN, 37217
ERROR:root:E THOMPSON LA & WIMPOLE DR, NASHVILLE, TN, 37217
INFO:root:1712 JEFFERSON ST, NASHVILLE, TN, 37208
INFO:root:1225 BRICK CHURCH PIKE, , TN, 37207
INFO:root:764 HUNTINGTON PKWY, NASHVILLE, TN, 37211
INFO:root:ROCKWOOD DR & ROCKWOOD DR, HERMITAGE, TN, 37076
INFO:root:HWY 100 & TRACESIDE DR, NASHVILLE, TN, 37221
INFO:root:RIVERGATE DR & RIVERGATE PKWY, GOODLETTSVILLE, TN, 37072
INFO:root:1901 CEPHAS ST, NASHVILLE, TN, 37208
INFO:root:ABERDEEN RD & CHEROKEE RD, NASHVILLE, , 37205
INFO:root:BRILEY PKWY EXIT S & MURFREESBORO PIKE, NASHVILLE, TN, 37217
INFO:root:1534 N GALLATIN PIKE, MADISON, TN, 37115
INFO:root:ELKMONT DR & HOLBROOK DR, , TN, 37211
INFO:root:1525 BROADWAY, NASHVILLE, TN, 37203
INFO:root:N DUPONT AVE & VANDIVER DR, MADISON, TN, 37115
INFO:root:735 GARRISON DR, NASHVILLE, TN, 37207
INFO:root:6204 CHARLOTTE PIKE, NASHVILLE, TN, 37209
INFO:root:GUN CLUB RD & SEDBERRY RD, NASHVILLE, TN, 37205
INFO:root:CHARLOTTE PIKE & I 40 EXIT E, , TN, 37209
ERROR:root:CHARLOTTE PIKE & I 40 EXIT E, , TN, 37209
INFO:root:ENSLEY AVE & SWINGING BRIDGE RD, OLD HICKORY, TN, 37138
INFO:root:5TH AV N, , TN,
INFO:root:400 DAVIDSON RD, NASHVILLE, TN, 37205
INFO:root:MM 207 2 I40 E, NASHVILLE, TN, 37208
ERROR:root:MM 207 2 I40 E, NASHVILLE, TN, 37208
INFO:root:MM 207 6 I40 W, NASHVILLE, TN, 37208
ERROR:root:MM 207 6 I40 W, NASHVILLE, TN, 37208
INFO:root:27TH AVE N & MORENA ST, NASHVILLE, TN, 37208
INFO:root:I65 N / I440 E, , TN,
INFO:root:3570 CHESAPEAKE DR, NASHVILLE, TN, 37207
INFO:root:I 40W, , TN,
INFO:root:1314 S GALLATIN PIKE, MADISON, TN, 37115
INFO:root:620 SYLVAN ST, NASHVILLE, TN, 37206
INFO:root:42ND AVE N & COLORADO AVE, , TN, 37209
INFO:root:3400 HAMILTON CHURCH RD, ANTIOCH, TN, 37013
INFO:root:HARBOR LIGHTS DR, UNA, TN, 37214
INFO:root:328 RANDY RD, MADISON, TN, 37115
INFO:root:HAYWOOD LN & KEELEY DR, NASHVILLE, TN, 37211
INFO:root:509 2ND AVE N, NASHVILLE, TN, 37201
INFO:root:2025 ROSA L PARKS BLVD, NASHVILLE, TN, 37228
INFO:root:2311 ELLISTON PL, NASHVILLE, TN, 37203
INFO:root:1611 JACKSON ST, NASHVILLE, TN, 37208
INFO:root:BREWER DR & LARKWAY DR, NASHVILLE, TN, 37211
INFO:root:MORROW RD & TENNESSEE AVE, NASHVILLE, TN, 37209
INFO:root:1613 14TH AVE N, NASHVILLE, TN, 37208
INFO:root:107 OLD TRAIL CT, NASHVILLE, TN, 37207
INFO:root:1605 MURFREESBORO PIKE, NASHVILLE, TN, 37217
INFO:root:3269 LAKEFORD DR, NASHVILLE, TN, 37214
INFO:root:1802 MEHARRY BLVD, NASHVILLE, TN, 37208
INFO:root:ANTIOCH PIKE, BAKERTOWN, TN, 37013
INFO:root:MM 208 4 I40 W, NASHVILLE, TN, 37203
ERROR:root:MM 208 4 I40 W, NASHVILLE, TN, 37203
INFO:root:921 GALLATIN AVE, NASHVILLE, TN, 37206
INFO:root:1224 12TH AVE S, , TN, 37203
INFO:root:311 WILHAGAN RD, NASHVILLE, TN, 37217
INFO:root:5570 OLD HICKORY BLVD, HERMITAGE, TN, 37076
INFO:root:BENITA DR & PARAGON MILLS RD, NASHVILLE, TN, 37211
INFO:root:40TH AVE N, , TN, 37209
INFO:root:1200 FATHERLAND ST, NASHVILLE, TN, 37206
INFO:root:936 W TRINITY LN, NASHVILLE, TN, 37207
INFO:root:DR REV ENOCH JONES, , TN,
INFO:root:222 3RD AVE N, NASHVILLE, TN, 37201
INFO:root:4040 HARDING PL, , TN, 37205
INFO:root:335 FOREST PARK RD, MADISON, TN, 37115
INFO:root:1505 15TH AVE S, NASHVILLE, TN, 37212
INFO:root:174 2ND AVE N, NASHVILLE, TN, 37201
INFO:root:9TH AVE & LAWRENCE AVE, NASHVILLE, TN, 37204
INFO:root:BRANSFORD AVE, , TN,
INFO:root:86 THOMPSON LN, NASHVILLE, TN, 37210
INFO:root:E CAMPBELL RD & HIGHLAND CIR, MADISON, TN, 37115
INFO:root:1010 33RD AVE, NASHVILLE, , 37209
INFO:root:1ST AVE S, , TN,
INFO:root:RICHARDSON AV, , TN,
INFO:root:4285 SIDCO DR, NASHVILLE, TN, 37204
INFO:root:4912 NOLENSVILLE PIKE, , TN, 37211
INFO:root:30TH ST & LAKESHORE DR, OLD HICKORY, TN, 37138
INFO:root:OLD LEBANON DIRT RD & WEBER RD, HERMITAGE, TN, 37076
INFO:root:1600 16TH AVE N, NASHVILLE, TN, 37208
INFO:root:FOREST ACRES DR & FRANKLIN PIKE, , , 37220
INFO:root:502 BRIDGEWAY AVE, OLD HICKORY, TN, 37138
INFO:root:3306 GALLATIN PIKE, NASHVILLE, TN, 37216
INFO:root:298 PARAGON MILLS RD, NASHVILLE, TN, 37211
INFO:root:1-40 E, NASHVILLE, TN,
INFO:root:1250 HILLSIDE AVE, NASHVILLE, TN, 37203
INFO:root:1959 S HAMILTON RD, , TN, 37218
INFO:root:5025 HILLSBORO PIKE, NASHVILLE, TN, 37215
INFO:root:MM 87 I65 N, NASHVILLE, TN, 37207
ERROR:root:MM 87 I65 N, NASHVILLE, TN, 37207
INFO:root:GLENRIDGE DR & NORTHRIDGE DR, NASHVILLE, TN, 37221
INFO:root:MM 56 4 I24 E, NASHVILLE, TN, 37211
ERROR:root:MM 56 4 I24 E, NASHVILLE, TN, 37211
INFO:root:200 EWING DR, NASHVILLE, TN, 37207
INFO:root:SAWYER BROWN RD, WEST, TN, 37221
INFO:root:PHILHALL PKWY & SMITH SPRINGS RD, , TN, 37013
INFO:root:2712 CLIFTON AVE, NASHVILLE, TN, 37208
INFO:root:2829 WEST END AVE, NASHVILLE, TN, 37212
INFO:root:I-65N, NASHVILLE, TN,
INFO:root:LEGACY DR & OLD HICKORY BLVD, ANTIOCH, TN, 37013
INFO:root:COLERIDGE CT & COLERIDGE DR, ANTIOCH, TN, 37013
INFO:root:6212 CENTENNIAL BLVD, NASHVILLE, TN, 37209
INFO:root:I 40 E & WESTBORO DR, , TN, 37209
INFO:root:ALLENS LN & POPLAR CREEK RD, , TN, 37221
INFO:root:DUE WEST AVE W & LENTZ DR, MADISON, , 37115
INFO:root:HWY 100 & VAUGHNS GAP RD, NASHVILLE, TN, 37221
INFO:root:MM 93 4 I65 N, MADISON, TN, 37115
ERROR:root:MM 93 4 I65 N, MADISON, TN, 37115
INFO:root:218 JUAREZ DR, HERMITAGE, TN, 37076
INFO:root:3125 DICKERSON PIKE, NASHVILLE, TN, 37207
INFO:root:3140 DICKERSON PIKE, NASHVILLE, TN, 37207
INFO:root:SCHOOL LN & WEAVER DR, NASHVILLE, TN, 37217
INFO:root:CAPITAL VIEW , , TN,
INFO:root:322 51ST AVE N, NASHVILLE, TN, 37209
INFO:root:866 S 8TH CT, NASHVILLE, TN, 37206
INFO:root:ELLISTON PL & LOUISE AVE, NASHVILLE, TN, 37203
INFO:root:BROADMOOR DR & WALTON LN, NASHVILLE, TN, 37207
INFO:root:576 MARGARET ROBERTSN DR, HERMITAGE, TN, 37076
INFO:root:1037 ANTIOCH PIKE, NASHVILLE, TN, 37211
INFO:root:206-4 I 40, , TN,
INFO:root:2222 BANDYWOOD DR, NASHVILLE, TN, 37215
INFO:root:MT. VIEW, , TN,
INFO:root:11TH AVE & LAUREL ST, NASHVILLE, TN, 37203
INFO:root:12TH ST & ELLISTON ST, OLD HICKORY, TN, 37138
INFO:root:ABBOTTSFORD & SUGARTREE PL, , TN, 37215
INFO:root:1507 JONES AVE, NASHVILLE, TN, 37207
INFO:root:2ND AVE & LINDSLEY AVE, NASHVILLE, TN, 37210
INFO:root:1215 BERRY ST, O HICKORY, TN, 37138
INFO:root:181 HART LN, NASHVILLE, TN, 37207
INFO:root:800 PORTER RD, NASHVILLE, TN, 37206
INFO:root:43RD AVE N, NASHVILLE, TN, 37209
INFO:root:BELMONT BLVD & WILDWOOD AVE, NASHVILLE, TN, 37212
INFO:root:2625 JEFFERSON ST, NASHVILLE, TN, 37208
INFO:root:MM 58 0 I24 W, ANTIOCH, TN, 37013
INFO:root:8841 MCCRORY LN, NASHVILLE, TN, 37221
INFO:root:358 WHITE BRIDGE PIKE, , TN, 37209
INFO:root:MM 80 I 65 S, NASHVILLE, TN, 37204
ERROR:root:MM 80 I 65 S, NASHVILLE, TN, 37204
INFO:root:BAXTER AVE & HART LN, NASHVILLE, TN, 37216
INFO:root:5303 CHARLOTTE AVE, NASHVILLE, TN, 37209
INFO:root:FORTLAND DR & RIVERSIDE DR, NASHVILLE, TN, 37206
INFO:root:46TH AND CHARLOTTE, NASHVILLE, TN,
INFO:root:10TH AVE NORTH, , TN,
INFO:root:ORDWAY PL & RUDOLPH AVE, NASHVILLE, TN, 37206
INFO:root:916 MARINA ST, NASHVILLE, TN, 37206
INFO:root:2611 GALLATIN PIKE, NASHVILLE, TN, 37216
INFO:root:5751 NOLENSVILLE PIKE, , TN, 37211
INFO:root:1047 N DUPONT AVE, MADISON, TN, 37115
INFO:root:MM 52 6 I24 W, NASHVILLE, TN, 37217
ERROR:root:MM 52 6 I24 W, NASHVILLE, TN, 37217
INFO:root:DELAWARE AVE & ROOSEVELT AVE, MADISON, TN, 37115
INFO:root:GARFIELD ST & JENKINS ST, NASHVILLE, TN, 37208
INFO:root:44TH AVE, NORTH, TN, 37209
INFO:root:4120 ANDREW JACKSON PKWY, HERMITAGE, TN, 37076
INFO:root:HARDING PIKE & LEAKE AVE, NASHVILLE, TN, 37205
INFO:root:BELMONT BLVD & ROSEWOOD AVE, NASHVILLE, TN, 37212
INFO:root:2219 COTTAGE HILL DR, ANTIOCH, TN, 37013
INFO:root:BRILEY PARKWAY N, , TN,
INFO:root:2718 LEBANON PIKE, , TN, 37214
INFO:root:HOLLY ST & OAKHILL DR, MADISON, TN, 37206
INFO:root:MM 62 4 I24 E, ANTIOCH, TN, 37013
ERROR:root:MM 62 4 I24 E, ANTIOCH, TN, 37013
INFO:root:2305 MURFREESBORO PIKE, ANTIOCH, TN, 37013
INFO:root:IRONWOOD DR & SURREY RD, NASHVILLE, TN, 37214
INFO:root:LISCHEY AVE & MARINA ST, NASHVILLE, TN, 37207
INFO:root:854 S 8TH CT, NASHVILLE, TN, 37206
INFO:root:4099 BRICK CHURCH PIKE, WHITES CREEK, TN, 37189
INFO:root:1059 N GALLATIN PIKE, MADISON, TN, 37115
INFO:root:1ST AVE & MILDRED SHUTE AVE, , , 37210
INFO:root:BANKERS ALY & PRINTERS ALY, NASHVILLE, TN, 37201
ERROR:root:BANKERS ALY & PRINTERS ALY, NASHVILLE, TN, 37201
INFO:root:15TH AVE & COMPTON AVE, NASHVILLE, TN, 37212
INFO:root:DODSON CHAPEL CT & DODSON CHAPEL RD, HERMITAGE, TN, 37076
INFO:root:OSAGE ST, NASHVILLE, TN,
INFO:root:501 BEN ALLEN RD, NASHVILLE, TN, 37216
INFO:root:I 40 W & FAIRFIELD AVE, NASHVILLE, TN, 37210
INFO:root:MM 201/8 I-40 W, , TN,
INFO:root:629 BALDWIN CT, NASHVILLE, TN, 37207
INFO:root:MM 90 8 I65 S, MADISON, TN, 37115
ERROR:root:MM 90 8 I65 S, MADISON, TN, 37115
INFO:root:OLD CHARLOTTE PIKE & TEMPLETON DR, , , 37205
INFO:root:BRIGHTWOOD AVE & PRIMROSE AVE, , TN, 37212
INFO:root:MERIDIAN ST, EAST, TN, 37207
INFO:root:E RIVERWOOD DR, NASHVILLE, TN,
INFO:root:929 DAVIDSON DR, NASHVILLE, TN, 37205
INFO:root:7159 OLD HARDING PIKE, , TN, 37221
INFO:root:321 BROADWAY, NASHVILLE, TN, 37201
INFO:root:BRONTE, , TN,
INFO:root:ACKLEN AVE & ORLEANS DR, NASHVILLE, TN, 37212
INFO:root:DARLINGTON DR & DARLINGTON DR, , TN, 37211
INFO:root:HADLEY AVE & OLD HICKORY BLVD, OLD HICKORY, TN, 37138
INFO:root:1027 ROSA L PARKS BLVD, NASHVILLE, TN, 37208
INFO:root:EULALA CIR & EULALA DR, , TN, 37211
INFO:root:4115 GALLATIN PIKE, NASHVILLE, TN, 37216
INFO:root:BRIDGECREST DR & RURAL HILL RD, ANTIOCH, TN, 37013
INFO:root:307 29TH AVE N, NASHVILLE, TN, 37203
INFO:root:1407 BRICK CHURCH PIKE, , TN, 37207
INFO:root:N GALLATIN PIKE & O;D HICKORY BLVD W, , TN,
INFO:root:ROSA L PARKS, NASHVILLE, TN,
INFO:root:214 BELLE FOREST CIR, NASHVILLE, TN, 37221
INFO:root:5926 TEMPLE RD, NASHVILLE, TN, 37221
INFO:root:EXIT 40 I 24 W, NASHVILLE, TN, 37207
INFO:root:340 DUE WEST AVE W, MADISON, TN, 37115
INFO:root:1915 OLD MURFREESBORO PIKE, NASHVILLE, , 37217
INFO:root:ROSA L PARKS BLVD, , TN, 37203
INFO:root:611 GEORGETOWN DR, NASHVILLE, TN, 37205
INFO:root:4405 BELMONT PARK TER, NASHVILLE, TN, 37215
INFO:root:DARTMOUTH AVE & ESTES RD, NASHVILLE, TN, 37215
INFO:root:DUE WEST AVE W & GAINES DR, MADISON, , 37115
INFO:root:I 440W , , TN,
INFO:root:7114 HWY 70 S, NASHVILLE, TN, 37221
INFO:root:CLARKSVILLE PIKE & ROSA L PARKS BLVD, NASHVILLE, TN, 37228
INFO:root:700 ROSA L PARKS BLVD, NASHVILLE, TN, 37219
INFO:root:1793 UNDERWOOD ST, , TN, 37208
INFO:root:BRICK CHURCH PIKE & I 65 ENTRY S, NASHVILLE, TN, 37207
ERROR:root:BRICK CHURCH PIKE & I 65 ENTRY S, NASHVILLE, TN, 37207
INFO:root:MAIN ST & SOUTH 10TH, , TN,
INFO:root:160 9TH AVE N, NASHVILLE, TN, 37203
INFO:root:47TH AVE N & GEORGIA AVE, NASHVILLE, TN, 37209
INFO:root:I65/ARMORY, , TN,
INFO:root:MM 3 2 I440 E, NASHVILLE, TN, 37215
INFO:root:247 RIVERSIDE DR, NASHVILLE, TN, 37206
INFO:root:468 WESTBORO DR, NASHVILLE, TN, 37209
INFO:root:4244 LEBANON PIKE, HERMITAGE, TN, 37076
INFO:root:BRITTANY DR & LONGFIELD AVE, , TN, 37206
INFO:root:57TH AVE N & OHIO AVE, , TN, 37209
INFO:root:4207 GALLATIN PIKE, , TN, 37216
INFO:root:MULBERRY ST & VINE ST, NASHVILLE, TN, 37203
INFO:root:321 PEACHTREE ST, NASHVILLE, TN, 37210
INFO:root: I 24 3, , TN,
INFO:root:4TH AVE N & JAMES ROBERTSON PKWY, NASHVILLE, TN, 37219
INFO:root:COUNTRY WAY RD & HUNTINGBORO TRL, , , 37013
INFO:root:HARRINGTON AVE & S GALLATIN PIKE, MADISON, TN, 37115
INFO:root:57TH AVE & NEW YORK AVE, NASHVILLE, TN, 37209
INFO:root:HYW 70, , TN,
INFO:root:I 65 S & ROSA L PARKS BLVD, NASHVILLE, TN, 37207
INFO:root:24TH AVE & UNDERWOOD ST, , TN, 37208
INFO:root:1530 14TH AVE N, NASHVILLE, TN, 37208
INFO:root:5704 NOLENSVILLE PIKE, NASHVILLE, TN, 37211
INFO:root:835 BELL RD, ANTIOCH, TN, 37013
INFO:root:538 BELL RD, ANTIOCH, , 37013
INFO:root:BREWER DR & BYRNE DR, NASHVILLE, TN, 37211
INFO:root:517 E TRINITY LN, NASHVILLE, TN, 37207
INFO:root:RIVERGATE PKWY & VIETNAM VETERANS BLVD N, , TN, 37072
ERROR:root:RIVERGATE PKWY & VIETNAM VETERANS BLVD N, , TN, 37072
INFO:root:NAUTILUS DR & STARBOARD DR, NASHVILLE, TN, 37217
INFO:root:10TH ST & DEBOW ST, OLD HICKORY, TN, 37138
INFO:root:MURFREESBORO PIKE & SMITH SPRINGS RD, NASHVILLE, TN, 37217
INFO:root:VINE RIDGE DR & WHITE BRIDGE PIKE, NASHVILLE, TN, 37209
INFO:root:2202 GREENWOOD AVE, NASHVILLE, TN, 37206
INFO:root:MM 219 6 I40 W, HERMITAGE, TN, 37076
INFO:root:948 MCFERRIN AVE, NASHVILLE, TN, 37206
INFO:root:35TH AVE N & TREVOR ST, , TN, 37209
INFO:root:CLIFTON AVE & SPRUCE ST, NASHVILLE, TN, 37209
INFO:root:HAYNES PARK DR & KINGS LN, NASHVILLE, TN, 37218
INFO:root:1601 EASTLAND AVE, NASHVILLE, TN, 37206
INFO:root:3122 BRICKDALE LN, NASHVILLE, TN, 37207
INFO:root:HITT LN & OLD SPRINGFIELD PIKE, GOODLETTSVILLE, TN, 37072
INFO:root:4806 INDIANA AVE, NASHVILLE, TN, 37209
INFO:root:7345 SOMERSET PL, NASHVILLE, TN, 37221
INFO:root:I 24 E/WHITES CREEK, , TN,
INFO:root:BONDS AVE & FESSLERS LN, NASHVILLE, TN, 37210
INFO:root:CROWNHILL DR & FOOTHILL DR, , TN, 37217
INFO:root:4991 EDMONDSON PIKE, , TN, 37211
INFO:root:DICKERSON PIKE & HUNTERS LN, GOODLETTSVILLE, TN, 37072
INFO:root:1507 DEMONBREUN ST, NASHVILLE, TN, 37203
INFO:root:PAIGE CT & REVELS DR, NASHVILLE, TN, 37207
INFO:root:22 E THOMPSON LN, NASHVILLE, TN, 37210
INFO:root:110 QUEEN ANNE DR, MADISON, TN, 37115
INFO:root:GLENROSE AVE & SADLER AVE, NASHVILLE, TN, 37210
INFO:root:3820 WHITES CREEK PIKE, NASHVILLE, TN, 37207
INFO:root:WEST TRINITY LN, NASHVILLE, TN, 37207
INFO:root:1239 RIVERWOOD DR, NASHVILLE, TN, 37216
INFO:root:21ST AVE NORTH & UNDERWOOD STREET, NASHVILLE, TN, 37208
